    Finished `dev` profile [unoptimized + debuginfo] target(s) in 0.16s
     Running `/tmp/bong-target/debug/bong-server`
[2m2026-04-07T06:33:29.965631Z[0m [32m INFO[0m [bong][bridge] tokio runtime started
[2m2026-04-07T06:33:30.646059Z[0m [32m INFO[0m [bong][world] registering world setup system
[2m2026-04-07T06:33:30.646184Z[0m [32m INFO[0m [bong][player] registering player init/cleanup systems
[2m2026-04-07T06:33:30.646242Z[0m [32m INFO[0m [bong][npc] registering spawn/sync/brain systems
[2m2026-04-07T06:33:30.646256Z[0m [32m INFO[0m [bong][npc] registering startup spawn systems
[2m2026-04-07T06:33:30.646313Z[0m [32m INFO[0m [bong][npc] registering sync system
[2m2026-04-07T06:33:30.646345Z[0m [32m INFO[0m [bong][npc] registering brain systems
[2m2026-04-07T06:33:30.647917Z[0m [32m INFO[0m [bong][redis] connecting to redis://127.0.0.1:6379
[2m2026-04-07T06:33:30.648884Z[0m [32m INFO[0m [bong][redis] subscribed to bong:agent_command and bong:agent_narrate
[2m2026-04-07T06:33:30.651175Z[0m [33m WARN[0m [bong][world] fallback bootstrap: using FallbackFlat because world path missing or not a directory (preferred: AnvilIfPresent, world_path: world, region_dir: world/region)
[2m2026-04-07T06:33:30.651197Z[0m [32m INFO[0m [bong][world] selected bootstrap mode: FallbackFlat (preferred: AnvilIfPresent, world_path: world, region_dir: world/region, reason: world path missing or not a directory)
[2m2026-04-07T06:33:30.651207Z[0m [32m INFO[0m [bong][world] creating overworld test area (16x16 chunks)
[2m2026-04-07T06:33:30.692419Z[0m [32m INFO[0m [bong][npc] spawned zombie npc entity Entity { index: 1, generation: 1 } at [14, 66, 14]
[2m2026-04-07T06:33:30.692684Z[0m [32m INFO[0m [bong][npc] startup marker count with NpcMarker: 1
[2m2026-04-07T06:33:50.908887Z[0m [32m INFO[0m [bong][redis] received agent command: cmd_1775543630907 (5 cmds)
[2m2026-04-07T06:33:50.909069Z[0m [32m INFO[0m [bong][redis] received narration (3 entries)
[2m2026-04-07T06:33:50.921091Z[0m [32m INFO[0m [bong][network] received agent command batch cmd_1775543630907: 5 commands from None
[2m2026-04-07T06:33:50.921144Z[0m [32m INFO[0m [bong][network]   cmd: ModifyZone → spawn params={"danger_level_delta": Number(3), "spirit_qi_delta": Number(0)}
[2m2026-04-07T06:33:50.921161Z[0m [32m INFO[0m [bong][network]   cmd: NpcBehavior → global params={"flee_threshold": Number(0.65)}
[2m2026-04-07T06:33:50.921175Z[0m [32m INFO[0m [bong][network]   cmd: NpcBehavior → global params={"flee_threshold": Number(0.65)}
[2m2026-04-07T06:33:50.921183Z[0m [32m INFO[0m [bong][network]   cmd: SpawnEvent → spawn params={"event": String("thunder_tribulation"), "intensity": Number(0.7), "duration_ticks": Number(120)}
[2m2026-04-07T06:33:50.921194Z[0m [32m INFO[0m [bong][network]   cmd: NpcBehavior → global params={"flee_threshold": Number(0.65)}
[2m2026-04-07T06:33:50.921229Z[0m [32m INFO[0m [bong][network] enqueued 5 agent commands (pending: 5)
[2m2026-04-07T06:33:50.921258Z[0m [32m INFO[0m [bong][network] sent bong:server_data narration payload: 1 narrations, 134 bytes, 0 clients
[2m2026-04-07T06:33:50.921276Z[0m [32m INFO[0m [bong][network] sent bong:server_data narration payload: 1 narrations, 134 bytes, 0 clients
[2m2026-04-07T06:33:50.921293Z[0m [32m INFO[0m [bong][network] sent bong:server_data narration payload: 1 narrations, 134 bytes, 0 clients
[2m2026-04-07T06:33:50.921329Z[0m [32m INFO[0m [bong][network][command_executor] modify_zone applied for target=spawn batch_id=cmd_1775543630907 spirit_qi=0.9 danger_level=3
[2m2026-04-07T06:33:50.921346Z[0m [32m INFO[0m [bong][network][command_executor] npc_behavior updated runtime flee_threshold=0.65 for batch_id=cmd_1775543630907
[2m2026-04-07T06:33:50.921357Z[0m [32m INFO[0m [bong][network][command_executor] npc_behavior updated runtime flee_threshold=0.65 for batch_id=cmd_1775543630907
[2m2026-04-07T06:33:50.921371Z[0m [32m INFO[0m [bong][network][command_executor] spawn_event thunder_tribulation recorded for target=spawn batch_id=cmd_1775543630907 duration_ticks=120 intensity=0.7
[2m2026-04-07T06:33:50.921391Z[0m [32m INFO[0m [bong][network][command_executor] npc_behavior updated runtime flee_threshold=0.65 for batch_id=cmd_1775543630907
[2m2026-04-07T06:33:57.478093Z[0m [33m WARN[0m [bong][redis] subscriber task ended, stopping bridge
