    Finished `dev` profile [unoptimized + debuginfo] target(s) in 0.15s
     Running `/tmp/bong-target/debug/bong-server`
[2m2026-04-07T06:39:40.658667Z[0m [32m INFO[0m [bong][bridge] tokio runtime started
[2m2026-04-07T06:39:41.004996Z[0m [32m INFO[0m [bong][world] registering world setup system
[2m2026-04-07T06:39:41.005102Z[0m [32m INFO[0m [bong][player] registering player init/cleanup systems
[2m2026-04-07T06:39:41.005146Z[0m [32m INFO[0m [bong][npc] registering spawn/sync/brain systems
[2m2026-04-07T06:39:41.005155Z[0m [32m INFO[0m [bong][npc] registering startup spawn systems
[2m2026-04-07T06:39:41.005203Z[0m [32m INFO[0m [bong][npc] registering sync system
[2m2026-04-07T06:39:41.005232Z[0m [32m INFO[0m [bong][npc] registering brain systems
[2m2026-04-07T06:39:41.006423Z[0m [32m INFO[0m [bong][redis] connecting to redis://127.0.0.1:6379
[2m2026-04-07T06:39:41.007746Z[0m [32m INFO[0m [bong][redis] subscribed to bong:agent_command and bong:agent_narrate
[2m2026-04-07T06:39:41.009766Z[0m [33m WARN[0m [bong][world] fallback bootstrap: using FallbackFlat because world path missing or not a directory (preferred: AnvilIfPresent, world_path: world, region_dir: world/region)
[2m2026-04-07T06:39:41.009782Z[0m [32m INFO[0m [bong][world] selected bootstrap mode: FallbackFlat (preferred: AnvilIfPresent, world_path: world, region_dir: world/region, reason: world path missing or not a directory)
[2m2026-04-07T06:39:41.009791Z[0m [32m INFO[0m [bong][world] creating overworld test area (16x16 chunks)
[2m2026-04-07T06:39:41.056345Z[0m [32m INFO[0m [bong][npc] spawned zombie npc entity Entity { index: 1, generation: 1 } at [14, 66, 14]
[2m2026-04-07T06:39:41.056651Z[0m [32m INFO[0m [bong][npc] startup marker count with NpcMarker: 1
[2m2026-04-07T06:40:01.266486Z[0m [32m INFO[0m [bong][redis] received agent command: cmd_1775544001265 (5 cmds)
[2m2026-04-07T06:40:01.266944Z[0m [32m INFO[0m [bong][redis] received narration (3 entries)
[2m2026-04-07T06:40:01.301823Z[0m [32m INFO[0m [bong][network] received agent command batch cmd_1775544001265: 5 commands from None
[2m2026-04-07T06:40:01.301874Z[0m [32m INFO[0m [bong][network]   cmd: ModifyZone → spawn params={"danger_level_delta": Number(3), "spirit_qi_delta": Number(0)}
[2m2026-04-07T06:40:01.301888Z[0m [32m INFO[0m [bong][network]   cmd: NpcBehavior → global params={"flee_threshold": Number(0.65)}
[2m2026-04-07T06:40:01.301901Z[0m [32m INFO[0m [bong][network]   cmd: NpcBehavior → global params={"flee_threshold": Number(0.65)}
[2m2026-04-07T06:40:01.301909Z[0m [32m INFO[0m [bong][network]   cmd: SpawnEvent → spawn params={"event": String("thunder_tribulation"), "duration_ticks": Number(120), "intensity": Number(0.7)}
[2m2026-04-07T06:40:01.301920Z[0m [32m INFO[0m [bong][network]   cmd: NpcBehavior → global params={"flee_threshold": Number(0.65)}
[2m2026-04-07T06:40:01.301952Z[0m [32m INFO[0m [bong][network] enqueued 5 agent commands (pending: 5)
[2m2026-04-07T06:40:01.301979Z[0m [32m INFO[0m [bong][network] sent bong:server_data narration payload: 1 narrations, 134 bytes, 0 clients
[2m2026-04-07T06:40:01.301996Z[0m [32m INFO[0m [bong][network] sent bong:server_data narration payload: 1 narrations, 134 bytes, 0 clients
[2m2026-04-07T06:40:01.302012Z[0m [32m INFO[0m [bong][network] sent bong:server_data narration payload: 1 narrations, 134 bytes, 0 clients
[2m2026-04-07T06:40:01.302062Z[0m [32m INFO[0m [bong][network][command_executor] modify_zone applied for target=spawn batch_id=cmd_1775544001265 spirit_qi=0.9 danger_level=3
[2m2026-04-07T06:40:01.302088Z[0m [32m INFO[0m [bong][network][command_executor] npc_behavior updated runtime flee_threshold=0.65 for batch_id=cmd_1775544001265
[2m2026-04-07T06:40:01.302098Z[0m [32m INFO[0m [bong][network][command_executor] npc_behavior updated runtime flee_threshold=0.65 for batch_id=cmd_1775544001265
[2m2026-04-07T06:40:01.302115Z[0m [32m INFO[0m [bong][network][command_executor] spawn_event thunder_tribulation recorded for target=spawn batch_id=cmd_1775544001265 duration_ticks=120 intensity=0.7
[2m2026-04-07T06:40:01.302144Z[0m [32m INFO[0m [bong][network][command_executor] npc_behavior updated runtime flee_threshold=0.65 for batch_id=cmd_1775544001265
[2m2026-04-07T06:40:08.443127Z[0m [33m WARN[0m [bong][redis] subscriber task ended, stopping bridge
