Task 1 schema validation evidence
Date: 2026-04-28
Worktree: /home/kiz/Code/Bong/.worktree/plan-weapon-v1.1

Command: cd agent && npm ci
Result: PASS
Notes: Installed workspace dependencies after initial `vitest: not found`; package files unchanged.

Command: cd agent/packages/schema && npm test && npm run check && npm run generate
Result: PASS
Relevant output:
- Test Files  7 passed (7)
- Tests  175 passed (175)
- generated schema artifacts are fresh (154 files)
- 154 schemas exported to agent/packages/schema/generated

Command: cd server && cargo test schema::combat_hud -- --nocapture
Result: PASS
Relevant output:
- running 15 tests
- weapon_equipped_roundtrip_basic ... ok
- weapon_equipped_roundtrip_without_weapon_omits_field ... ok
- weapon_broken_roundtrip ... ok
- treasure_equipped_roundtrip_basic ... ok
- test result: ok. 15 passed; 0 failed; 0 ignored

Command: cd server && cargo test schema::server_data -- --nocapture
Result: PASS
Relevant output:
- running 4 tests
- hud_payload_wire_type_matches_label ... ok
- deserialize_server_data_samples ... ok
- test result: ok. 4 passed; 0 failed; 0 ignored

Command: cd client && JAVA_HOME="/usr/lib/jvm/java-17-openjdk-amd64" ./gradlew test --tests "com.bong.client.network.*Weapon*" --tests "com.bong.client.network.*Treasure*" --tests "com.bong.client.network.ServerDataRouterTest"
Result: PASS
Relevant output:
- OpenJDK Runtime Environment build 17.0.16+8-Debian-1deb12u1
- BUILD SUCCESSFUL in 31s
- 5 actionable tasks: 5 executed

Resolution summary:
- Added TS schemas for WeaponViewV1, WeaponEquippedV1, WeaponBrokenV1, TreasureViewV1, TreasureEquippedV1.
- Added server-data payload schemas for weapon_equipped, weapon_broken, treasure_equipped.
- Registered individual generated schema files and regenerated server-data-v1.json.
- Added pass samples for equipped iron_sword, empty main_hand, weapon_broken, and treasure_belt_0.
- Added negative TS validation for extra weapon payload fields.
