Task 6: headless visual evidence harness for weapon render decisions and broken notice

Worktree: /home/kiz/Code/Bong/.worktree/plan-weapon-v1.1
Client cwd: /home/kiz/Code/Bong/.worktree/plan-weapon-v1.1/client

Interactive screenshot note:
  runClient/screenshot was not used in this headless automation pass. Evidence comes from a deterministic JUnit harness that exercises the renderer decision inputs and broken-notice dispatch without a GPU window.

Command:
  JAVA_HOME="/usr/lib/jvm/java-17-openjdk-amd64" ./gradlew test --tests "com.bong.client.weapon.*" --tests "com.bong.client.network.WeaponBrokenHandlerTest"

First attempt:
  FAILED in WeaponVisualEvidenceHarnessTest.armedIronSwordInjectsFakeStackAndTargetsSmlObjModel because direct WeaponVanillaIconMap.createStackFor("iron_sword") initialized Minecraft Items before Bootstrap in a headless unit test.
  Root cause from JUnit XML: Caused by java.lang.IllegalArgumentException: Not bootstrapped (called from registry ResourceKey[minecraft:root / minecraft:root]).
  Fix: keep the harness headless by asserting the store->registry render decision and SML host JSON contract, without constructing a vanilla ItemStack outside Minecraft bootstrap.

Final result:
  PASS

Output summary:
  openjdk version "17.0.16" 2025-07-15
  > Task :compileJava UP-TO-DATE
  > Task :processResources UP-TO-DATE
  > Task :classes UP-TO-DATE
  > Task :compileTestJava
  > Task :processTestResources UP-TO-DATE
  > Task :testClasses
  > Task :test
  BUILD SUCCESSFUL in 3s
  5 actionable tasks: 2 executed, 3 up-to-date

JUnit XML evidence:
  testsuite=com.bong.client.weapon.WeaponVisualEvidenceHarnessTest tests=3 failures=0 errors=0
  visual_evidence armed template=iron_sword fake_stack_injection_decision=true host_model=item/iron_sword sml_model=bong:models/item/iron_sword/iron_sword.obj
  visual_evidence broken toast="武器损坏：iron_sword" duration_ms=2800 effect=WEAPON_BREAK_FLASH effect_duration_ms=260
  visual_evidence unarmed render_weapon=null fake_stack_injected=false
