Task 7: final validation matrix for weapon-v1.1

Worktree: /home/kiz/Code/Bong/.worktree/plan-weapon-v1.1
Branch: auto/plan-weapon-v1.1

1. Schema package
Command:
  cd agent/packages/schema && npm test && npm run check && npm run generate

Result:
  PASS

Output summary:
  Test Files 7 passed (7)
  Tests 175 passed (175)
  generated schema artifacts are fresh (154 files)
  154 schemas exported to /home/kiz/Code/Bong/.worktree/plan-weapon-v1.1/agent/packages/schema/generated

2. Server format and full tests
Command:
  cd server && cargo fmt --check && cargo test

Result:
  PASS

Output summary:
  running 1567 tests
  test result: ok. 1567 passed; 0 failed; 0 ignored; 0 measured; 0 filtered out; finished in 19.01s

3. Client tests and build
Command:
  cd client && JAVA_HOME="/usr/lib/jvm/java-17-openjdk-amd64" ./gradlew test build

Result:
  PASS

Output summary:
  BUILD SUCCESSFUL in 12s
  7 actionable tasks: 3 executed, 4 up-to-date

4. Server clippy strict policy
Command:
  cd server && cargo clippy --all-targets -- -D warnings

Result:
  PASS

Output summary:
  Finished `dev` profile [unoptimized + debuginfo] target(s) in 1m 10s

Clippy policy note:
  No clippy blocker remains. No weapon-v1.1 warning exception is needed.

5. Worktree status before writing this evidence
Command:
  git -C /home/kiz/Code/Bong/.worktree/plan-weapon-v1.1 status --short

Result:
  clean
