Task 3 iron sword damage validation evidence
Date: 2026-04-28
Worktree: /home/kiz/Code/Bong/.worktree/plan-weapon-v1.1

Change:
- server/assets/items/weapons.toml iron_sword base_attack: 8.0 -> 12.0
- server/src/combat/weapon.rs test fixture iron_sword base_attack synchronized to 12.0
- Added combat::resolve::tests::iron_sword_increases_damage_by_at_least_20_percent_vs_unarmed

Command: cd server && cargo fmt --check
Result: PASS

Command: cd server && cargo test iron_sword_increases_damage_by_at_least_20_percent_vs_unarmed -- --nocapture
Result: PASS
Relevant output:
- iron_sword_damage_check unarmed=4.160 iron_sword=4.992 ratio=1.200
- test combat::resolve::tests::iron_sword_increases_damage_by_at_least_20_percent_vs_unarmed ... ok
- test result: ok. 1 passed; 0 failed; 0 ignored

Command: cd server && cargo test weapon -- --nocapture
Result: PASS
Relevant output:
- test result: ok. 29 passed; 0 failed; 0 ignored

Decision confirmed:
- Kept global weapon_attack_multiplier formula unchanged: max(1.0, base_attack / 10.0)
- Fixed iron_sword data to satisfy the v1 acceptance threshold without rebalancing all weapons.
