    Finished `dev` profile [unoptimized + debuginfo] target(s) in 0.21s
     Running `/tmp/bong-target/debug/bong-server`
[2m2026-04-07T06:37:22.267871Z[0m [32m INFO[0m [bong][bridge] tokio runtime started
[2m2026-04-07T06:37:22.890364Z[0m [32m INFO[0m [bong][world] registering world setup system
[2m2026-04-07T06:37:22.890486Z[0m [32m INFO[0m [bong][player] registering player init/cleanup systems
[2m2026-04-07T06:37:22.890534Z[0m [32m INFO[0m [bong][npc] registering spawn/sync/brain systems
[2m2026-04-07T06:37:22.890545Z[0m [32m INFO[0m [bong][npc] registering startup spawn systems
[2m2026-04-07T06:37:22.890597Z[0m [32m INFO[0m [bong][npc] registering sync system
[2m2026-04-07T06:37:22.890628Z[0m [32m INFO[0m [bong][npc] registering brain systems
[2m2026-04-07T06:37:22.892309Z[0m [32m INFO[0m [bong][redis] connecting to redis://127.0.0.1:6379
[2m2026-04-07T06:37:22.893126Z[0m [32m INFO[0m [bong][redis] subscribed to bong:agent_command and bong:agent_narrate
[2m2026-04-07T06:37:22.895509Z[0m [33m WARN[0m [bong][world] fallback bootstrap: using FallbackFlat because world path missing or not a directory (preferred: AnvilIfPresent, world_path: world, region_dir: world/region)
[2m2026-04-07T06:37:22.895530Z[0m [32m INFO[0m [bong][world] selected bootstrap mode: FallbackFlat (preferred: AnvilIfPresent, world_path: world, region_dir: world/region, reason: world path missing or not a directory)
[2m2026-04-07T06:37:22.895539Z[0m [32m INFO[0m [bong][world] creating overworld test area (16x16 chunks)
[2m2026-04-07T06:37:22.937884Z[0m [32m INFO[0m [bong][npc] spawned zombie npc entity Entity { index: 1, generation: 1 } at [14, 66, 14]
[2m2026-04-07T06:37:22.938208Z[0m [32m INFO[0m [bong][npc] startup marker count with NpcMarker: 1
[2m2026-04-07T06:37:43.166696Z[0m [32m INFO[0m [bong][redis] received agent command: cmd_1775543863163 (5 cmds)
[2m2026-04-07T06:37:43.167792Z[0m [32m INFO[0m [bong][redis] received narration (3 entries)
[2m2026-04-07T06:37:43.178407Z[0m [32m INFO[0m [bong][network] received agent command batch cmd_1775543863163: 5 commands from None
[2m2026-04-07T06:37:43.178498Z[0m [32m INFO[0m [bong][network]   cmd: ModifyZone → spawn params={"danger_level_delta": Number(3), "spirit_qi_delta": Number(0)}
[2m2026-04-07T06:37:43.178539Z[0m [32m INFO[0m [bong][network]   cmd: NpcBehavior → global params={"flee_threshold": Number(0.65)}
[2m2026-04-07T06:37:43.178579Z[0m [32m INFO[0m [bong][network]   cmd: NpcBehavior → global params={"flee_threshold": Number(0.65)}
[2m2026-04-07T06:37:43.178608Z[0m [32m INFO[0m [bong][network]   cmd: SpawnEvent → spawn params={"event": String("thunder_tribulation"), "duration_ticks": Number(120), "intensity": Number(0.7)}
[2m2026-04-07T06:37:43.178646Z[0m [32m INFO[0m [bong][network]   cmd: NpcBehavior → global params={"flee_threshold": Number(0.65)}
[2m2026-04-07T06:37:43.178724Z[0m [32m INFO[0m [bong][network] enqueued 5 agent commands (pending: 5)
[2m2026-04-07T06:37:43.178806Z[0m [32m INFO[0m [bong][network] sent bong:server_data narration payload: 1 narrations, 134 bytes, 0 clients
[2m2026-04-07T06:37:43.178866Z[0m [32m INFO[0m [bong][network] sent bong:server_data narration payload: 1 narrations, 134 bytes, 0 clients
[2m2026-04-07T06:37:43.178920Z[0m [32m INFO[0m [bong][network] sent bong:server_data narration payload: 1 narrations, 134 bytes, 0 clients
[2m2026-04-07T06:37:43.179014Z[0m [32m INFO[0m [bong][network][command_executor] modify_zone applied for target=spawn batch_id=cmd_1775543863163 spirit_qi=0.9 danger_level=3
[2m2026-04-07T06:37:43.179060Z[0m [32m INFO[0m [bong][network][command_executor] npc_behavior updated runtime flee_threshold=0.65 for batch_id=cmd_1775543863163
[2m2026-04-07T06:37:43.179093Z[0m [32m INFO[0m [bong][network][command_executor] npc_behavior updated runtime flee_threshold=0.65 for batch_id=cmd_1775543863163
[2m2026-04-07T06:37:43.179146Z[0m [32m INFO[0m [bong][network][command_executor] spawn_event thunder_tribulation recorded for target=spawn batch_id=cmd_1775543863163 duration_ticks=120 intensity=0.7
[2m2026-04-07T06:37:43.179202Z[0m [32m INFO[0m [bong][network][command_executor] npc_behavior updated runtime flee_threshold=0.65 for batch_id=cmd_1775543863163
[2m2026-04-07T06:37:49.315123Z[0m [33m WARN[0m [bong][redis] subscriber task ended, stopping bridge
