    Finished `dev` profile [unoptimized + debuginfo] target(s) in 0.16s
     Running `/tmp/bong-target/debug/bong-server`
[2m2026-04-08T14:00:33.767266Z[0m [32m INFO[0m [bong][bridge] tokio runtime started
[2m2026-04-08T14:00:34.457471Z[0m [32m INFO[0m [bong][world] registering world setup system
[2m2026-04-08T14:00:34.457597Z[0m [32m INFO[0m [bong][player] registering player init systems
[2m2026-04-08T14:00:34.457674Z[0m [32m INFO[0m [bong][npc] registering spawn/sync/brain systems
[2m2026-04-08T14:00:34.457686Z[0m [32m INFO[0m [bong][npc] registering startup spawn systems
[2m2026-04-08T14:00:34.457740Z[0m [32m INFO[0m [bong][npc] registering sync system
[2m2026-04-08T14:00:34.457772Z[0m [32m INFO[0m [bong][npc] registering brain systems
[2m2026-04-08T14:00:34.459444Z[0m [32m INFO[0m [bong][redis] connecting to redis://127.0.0.1:6379
[2m2026-04-08T14:00:34.460390Z[0m [32m INFO[0m [bong][redis] subscribed to bong:agent_command and bong:agent_narrate
[2m2026-04-08T14:00:34.462534Z[0m [33m WARN[0m [bong][world] fallback bootstrap: using FallbackFlat because world path missing or not a directory (preferred: AnvilIfPresent, world_path: world, region_dir: world/region)
[2m2026-04-08T14:00:34.462556Z[0m [32m INFO[0m [bong][world] selected bootstrap mode: FallbackFlat (preferred: AnvilIfPresent, world_path: world, region_dir: world/region, reason: world path missing or not a directory)
[2m2026-04-08T14:00:34.462565Z[0m [32m INFO[0m [bong][world] creating overworld test area (16x16 chunks)
[2m2026-04-08T14:00:34.509295Z[0m [32m INFO[0m [bong][npc] spawned zombie npc entity Entity { index: 1, generation: 1 } at [14, 66, 14]
[2m2026-04-08T14:00:34.509566Z[0m [32m INFO[0m [bong][npc] startup marker count with NpcMarker: 1
[2m2026-04-08T14:00:54.742412Z[0m [32m INFO[0m [bong][redis] received agent command: cmd_1775656854739 (5 cmds)
[2m2026-04-08T14:00:54.743357Z[0m [32m INFO[0m [bong][redis] received narration (3 entries)
[2m2026-04-08T14:00:54.773877Z[0m [32m INFO[0m [bong][network] received agent command batch cmd_1775656854739: 5 commands from None
[2m2026-04-08T14:00:54.773920Z[0m [32m INFO[0m [bong][network]   cmd: ModifyZone → spawn params={"spirit_qi_delta": Number(0), "danger_level_delta": Number(3)}
[2m2026-04-08T14:00:54.773936Z[0m [32m INFO[0m [bong][network]   cmd: NpcBehavior → global params={"flee_threshold": Number(0.65)}
[2m2026-04-08T14:00:54.773954Z[0m [32m INFO[0m [bong][network]   cmd: NpcBehavior → global params={"flee_threshold": Number(0.65)}
[2m2026-04-08T14:00:54.773965Z[0m [32m INFO[0m [bong][network]   cmd: SpawnEvent → spawn params={"intensity": Number(0.7), "duration_ticks": Number(120), "event": String("thunder_tribulation")}
[2m2026-04-08T14:00:54.773979Z[0m [32m INFO[0m [bong][network]   cmd: NpcBehavior → global params={"flee_threshold": Number(0.65)}
[2m2026-04-08T14:00:54.774017Z[0m [32m INFO[0m [bong][network] enqueued 5 agent commands (pending: 5)
[2m2026-04-08T14:00:54.774052Z[0m [32m INFO[0m [bong][network] sent bong:server_data narration payload: 1 narrations, 134 bytes, 0 clients
[2m2026-04-08T14:00:54.774076Z[0m [32m INFO[0m [bong][network] sent bong:server_data narration payload: 1 narrations, 134 bytes, 0 clients
[2m2026-04-08T14:00:54.774098Z[0m [32m INFO[0m [bong][network] sent bong:server_data narration payload: 1 narrations, 134 bytes, 0 clients
[2m2026-04-08T14:00:54.774158Z[0m [32m INFO[0m [bong][network][command_executor] modify_zone applied for target=spawn batch_id=cmd_1775656854739 spirit_qi=0.9 danger_level=3
[2m2026-04-08T14:00:54.774197Z[0m [32m INFO[0m [bong][network][command_executor] npc_behavior updated runtime flee_threshold=0.65 for batch_id=cmd_1775656854739
[2m2026-04-08T14:00:54.774211Z[0m [32m INFO[0m [bong][network][command_executor] npc_behavior updated runtime flee_threshold=0.65 for batch_id=cmd_1775656854739
[2m2026-04-08T14:00:54.774242Z[0m [32m INFO[0m [bong][network][command_executor] spawn_event thunder_tribulation recorded for target=spawn batch_id=cmd_1775656854739 duration_ticks=120 intensity=0.7
[2m2026-04-08T14:00:54.774274Z[0m [32m INFO[0m [bong][network][command_executor] npc_behavior updated runtime flee_threshold=0.65 for batch_id=cmd_1775656854739
[2m2026-04-08T14:00:54.816364Z[0m [33m WARN[0m [bong][redis] subscriber task ended, stopping bridge
