[redis-ipc] redis connection ready { client: 'sub' }
[redis-ipc] subscribed to bong:world_state
[redis-ipc] redis connection ready { client: 'pub' }
[tiandao] === tick start ===
[tiandao] tick: 400, players: 0, zones: 1
[tiandao][calamity] thinking...
[tiandao][mutation] thinking...
[tiandao][era] thinking...
[tiandao][calamity] response:
{"commands":[{"type":"spawn_event","target":"spawn","params":{"event":"thunder_tribulation","intensity":0.7,"duration_ticks":120}},{"type":"modify_zone","target":"spawn","params":{"spirit_qi_delta":-0.05,"danger_level_delta":1}},{"type":"npc_behavior","target":"global","params":{"flee_threshold":0.65}}],"narrations":[{"scope":"broadcast","style":"system_warning","text":"天道测试叙事：雷劫将至。"}],"reasoning":"task-24 fullstack smoke deterministic mock"}

[tiandao][mutation] response:
{"commands":[{"type":"spawn_event","target":"spawn","params":{"event":"thunder_tribulation","intensity":0.7,"duration_ticks":120}},{"type":"modify_zone","target":"spawn","params":{"spirit_qi_delta":-0.05,"danger_level_delta":1}},{"type":"npc_behavior","target":"global","params":{"flee_threshold":0.65}}],"narrations":[{"scope":"broadcast","style":"system_warning","text":"天道测试叙事：雷劫将至。"}],"reasoning":"task-24 fullstack smoke deterministic mock"}

[tiandao][era] response:
{"commands":[{"type":"spawn_event","target":"spawn","params":{"event":"thunder_tribulation","intensity":0.7,"duration_ticks":120}},{"type":"modify_zone","target":"spawn","params":{"spirit_qi_delta":-0.05,"danger_level_delta":1}},{"type":"npc_behavior","target":"global","params":{"flee_threshold":0.65}}],"narrations":[{"scope":"broadcast","style":"system_warning","text":"天道测试叙事：雷劫将至。"}],"reasoning":"task-24 fullstack smoke deterministic mock"}

[tiandao][calamity] commands: 3, narrations: 1
[tiandao][calamity] reasoning: task-24 fullstack smoke deterministic mock
[tiandao][mutation] commands: 3, narrations: 1
[tiandao][mutation] reasoning: task-24 fullstack smoke deterministic mock
[tiandao][era] commands: 3, narrations: 1
[tiandao][era] reasoning: task-24 fullstack smoke deterministic mock
[tiandao][arbiter] merged commands: 5, narrations: 3
[redis-ipc] published 5 commands to bong:agent_command (2 subscribers)
[redis-ipc] published 3 narrations to bong:agent_narrate (2 subscribers)
[tiandao][tick-metrics] {
  duration_ms: 19,
  command_count: 9,
  narration_count: 3,
  chat_signal_count: 0,
  skipped: false,
  skipped_by_backoff: 0
}
[tiandao] === tick end === commands: 9, narrations: 3

[smoke][tiandao] deterministic mock tick summary {
  totalCommands: 9,
  totalNarrations: 3,
  durationMs: 19,
  chatSignalCount: 0,
  skipped: false,
  decisions: [
    {
      commands: [Array],
      narrations: [Array],
      reasoning: 'task-24 fullstack smoke deterministic mock'
    },
    {
      commands: [Array],
      narrations: [Array],
      reasoning: 'task-24 fullstack smoke deterministic mock'
    },
    {
      commands: [Array],
      narrations: [Array],
      reasoning: 'task-24 fullstack smoke deterministic mock'
    }
  ]
}
[redis-ipc] disconnected
[redis-ipc] redis connection closed { client: 'pub' }
[redis-ipc] redis connection closed { client: 'sub' }
