
> @bong/schema@0.1.0 check
> tsc --noEmit


> @bong/schema@0.1.0 test
> vitest run


[1m[46m RUN [49m[22m [36mv3.2.4 [39m[90m/workspace/worktrees/tiandao-fullstack-closure/agent/packages/schema[39m

 [32m✓[39m tests/client-payload.test.ts [2m([22m[2m16 tests[22m[2m)[22m[32m 12[2mms[22m[39m
 [32m✓[39m tests/schema.test.ts [2m([22m[2m24 tests[22m[2m)[22m[32m 13[2mms[22m[39m

[2m Test Files [22m [1m[32m2 passed[39m[22m[90m (2)[39m
[2m      Tests [22m [1m[32m40 passed[39m[22m[90m (40)[39m
[2m   Start at [22m 22:00:11
[2m   Duration [22m 511ms[2m (transform 159ms, setup 0ms, collect 311ms, tests 26ms, environment 0ms, prepare 228ms)[22m


> @bong/schema@0.1.0 generate
> tsx src/generate.ts

wrote /workspace/worktrees/tiandao-fullstack-closure/agent/packages/schema/generated/world-state-v1.json
wrote /workspace/worktrees/tiandao-fullstack-closure/agent/packages/schema/generated/agent-command-v1.json
wrote /workspace/worktrees/tiandao-fullstack-closure/agent/packages/schema/generated/narration-v1.json
wrote /workspace/worktrees/tiandao-fullstack-closure/agent/packages/schema/generated/chat-message-v1.json
wrote /workspace/worktrees/tiandao-fullstack-closure/agent/packages/schema/generated/chat-signal.json
wrote /workspace/worktrees/tiandao-fullstack-closure/agent/packages/schema/generated/client-payload-v1.json
wrote /workspace/worktrees/tiandao-fullstack-closure/agent/packages/schema/generated/client-payload-welcome-v1.json
wrote /workspace/worktrees/tiandao-fullstack-closure/agent/packages/schema/generated/client-payload-heartbeat-v1.json
wrote /workspace/worktrees/tiandao-fullstack-closure/agent/packages/schema/generated/client-payload-narration-v1.json
wrote /workspace/worktrees/tiandao-fullstack-closure/agent/packages/schema/generated/client-payload-zone-info-v1.json
wrote /workspace/worktrees/tiandao-fullstack-closure/agent/packages/schema/generated/client-payload-event-alert-v1.json
wrote /workspace/worktrees/tiandao-fullstack-closure/agent/packages/schema/generated/client-payload-player-state-v1.json

12 schemas exported to /workspace/worktrees/tiandao-fullstack-closure/agent/packages/schema/generated
