   Compiling proc-macro2 v1.0.106
   Compiling quote v1.0.45
   Compiling unicode-ident v1.0.24
   Compiling cfg-if v1.0.4
   Compiling libc v0.2.184
   Compiling pin-project-lite v0.2.17
   Compiling serde v1.0.228
   Compiling version_check v0.9.5
   Compiling smallvec v1.15.1
   Compiling serde_core v1.0.228
   Compiling futures-core v0.3.32
   Compiling once_cell v1.21.4
   Compiling equivalent v1.0.2
   Compiling zerocopy v0.8.48
   Compiling itoa v1.0.18
   Compiling slab v0.4.12
   Compiling allocator-api2 v0.2.21
   Compiling crossbeam-utils v0.8.21
   Compiling hashbrown v0.16.1
   Compiling thiserror v1.0.69
   Compiling winnow v0.7.15
   Compiling tracing-core v0.1.36
   Compiling toml_datetime v0.6.11
   Compiling getrandom v0.3.4
   Compiling parking v2.2.1
   Compiling scopeguard v1.2.0
   Compiling ahash v0.8.12
   Compiling getrandom v0.4.2
   Compiling lock_api v0.4.14
   Compiling typeid v1.0.3
   Compiling foldhash v0.2.0
   Compiling thread_local v1.1.9
   Compiling erased-serde v0.4.10
   Compiling web-time v1.1.0
   Compiling futures-io v0.3.32
   Compiling bytemuck v1.25.0
   Compiling fastrand v2.4.0
   Compiling downcast-rs v1.2.1
   Compiling smol_str v0.2.2
   Compiling async-task v4.7.1
   Compiling bitflags v2.11.0
   Compiling bevy_ptr v0.14.2
   Compiling indexmap v2.13.1
   Compiling fixedbitset v0.4.2
   Compiling arrayvec v0.7.6
   Compiling concurrent-queue v2.5.0
   Compiling futures-lite v2.6.1
   Compiling typenum v1.19.0
   Compiling fixedbitset v0.5.7
   Compiling stable_deref_trait v1.2.1
   Compiling nonmax v0.5.5
   Compiling generic-array v0.14.7
   Compiling memchr v2.8.0
   Compiling event-listener v5.4.1
   Compiling syn v2.0.117
   Compiling bytes v1.11.1
   Compiling zmij v1.0.21
   Compiling event-listener-strategy v0.5.4
   Compiling getrandom v0.2.17
   Compiling async-channel v2.5.0
   Compiling serde_json v1.0.149
   Compiling rand_core v0.6.4
   Compiling anyhow v1.0.102
   Compiling parking_lot_core v0.9.12
   Compiling heck v0.5.0
   Compiling async-executor v1.14.0
   Compiling writeable v0.6.3
   Compiling litemap v0.8.2
   Compiling utf8_iter v1.0.4
   Compiling uuid v1.23.0
   Compiling icu_normalizer_data v2.2.0
   Compiling icu_properties_data v2.2.0
   Compiling bevy_tasks v0.14.2
   Compiling parking_lot v0.12.5
   Compiling percent-encoding v2.3.2
   Compiling crc32fast v1.5.0
   Compiling petgraph v0.6.5
   Compiling form_urlencoded v1.2.2
   Compiling cpufeatures v0.2.17
   Compiling toml_edit v0.22.27
   Compiling base64 v0.22.1
   Compiling simd-adler32 v0.3.9
   Compiling byteorder v1.5.0
   Compiling cesu8 v1.1.0
   Compiling glam v0.29.3
   Compiling adler2 v2.0.1
   Compiling libm v0.2.16
   Compiling miniz_oxide v0.8.9
   Compiling crypto-common v0.1.7
   Compiling inout v0.1.4
   Compiling autocfg v1.5.0
   Compiling paste v1.0.15
   Compiling zeroize v1.8.2
   Compiling rustc-hash v2.1.2
   Compiling errno v0.3.14
   Compiling cipher v0.4.4
   Compiling spin v0.9.8
   Compiling signal-hook-registry v1.4.8
   Compiling socket2 v0.6.3
   Compiling aes v0.8.4
   Compiling flate2 v1.1.9
   Compiling cfb8 v0.8.1
   Compiling num-traits v0.2.19
   Compiling mio v1.2.0
   Compiling futures-sink v0.3.32
   Compiling find-msvc-tools v0.1.9
   Compiling subtle v2.6.1
   Compiling shlex v1.3.0
   Compiling const-oid v0.9.6
   Compiling lazy_static v1.5.0
   Compiling log v0.4.29
   Compiling http v1.4.0
   Compiling futures-task v0.3.32
   Compiling regex-syntax v0.8.10
   Compiling rustls-pki-types v1.14.0
   Compiling block-buffer v0.10.4
   Compiling cc v1.2.59
   Compiling httparse v1.10.1
   Compiling untrusted v0.9.0
   Compiling base64ct v1.8.3
   Compiling digest v0.10.7
   Compiling tracing-log v0.2.0
   Compiling pem-rfc7468 v0.7.0
   Compiling sharded-slab v0.1.7
   Compiling rustls v0.23.37
   Compiling nu-ansi-term v0.50.3
   Compiling try-lock v0.2.5
   Compiling thiserror v2.0.18
   Compiling tower-service v0.3.3
   Compiling want v0.3.1
   Compiling der v0.7.10
   Compiling http-body v1.0.1
   Compiling crossbeam-channel v0.5.15
   Compiling futures-channel v0.3.32
   Compiling time-core v0.1.8
   Compiling num-conv v0.2.1
   Compiling atomic-waker v1.1.2
   Compiling num-integer v0.1.46
   Compiling powerfmt v0.2.0
   Compiling accesskit v0.14.0
   Compiling ppv-lite86 v0.2.21
   Compiling time-macros v0.2.27
   Compiling deranged v0.5.8
   Compiling sync_wrapper v1.0.2
   Compiling regex-automata v0.4.14
   Compiling const-fnv1a-hash v1.1.0
   Compiling num-bigint v0.4.6
   Compiling num-bigint-dig v0.8.6
   Compiling tower-layer v0.3.3
   Compiling ryu v1.0.23
   Compiling radium v0.7.0
   Compiling rand_chacha v0.3.1
   Compiling ring v0.17.14
   Compiling raw-window-handle v0.6.2
   Compiling ipnet v2.12.0
   Compiling num-iter v0.1.45
   Compiling webpki-roots v1.0.6
   Compiling rand v0.8.5
   Compiling bevy_macro_utils v0.14.2
   Compiling synstructure v0.13.2
   Compiling valence_build_utils v0.2.0-alpha.1+mc.1.20.1 (https://github.com/valence-rs/valence?rev=2b705351#2b705351)
   Compiling spki v0.7.3
   Compiling nanorand v0.7.0
   Compiling tap v1.0.1
   Compiling pkcs8 v0.10.2
   Compiling iri-string v0.7.12
   Compiling rustversion v1.0.22
   Compiling syn v1.0.109
   Compiling pkcs1 v0.7.5
   Compiling flume v0.11.1
   Compiling time v0.3.47
   Compiling wyz v0.5.1
   Compiling http-body-util v0.1.3
   Compiling signature v2.2.0
   Compiling either v1.15.0
   Compiling funty v2.0.0
   Compiling ordered-float v4.6.0
   Compiling sha2 v0.10.9
   Compiling hmac v0.12.1
   Compiling sha1 v0.10.6
   Compiling lru v0.16.3
   Compiling semver v1.0.28
   Compiling itertools v0.13.0
   Compiling integer-sqrt v0.1.5
   Compiling socket2 v0.5.10
   Compiling bitvec v1.0.1
   Compiling sha1_smol v1.0.1
   Compiling arc-swap v1.9.1
   Compiling matchers v0.2.0
   Compiling valence_math v0.2.0-alpha.1+mc.1.20.1 (https://github.com/valence-rs/valence?rev=2b705351#2b705351)
   Compiling rsa v0.9.10
   Compiling serde_derive v1.0.228
   Compiling tracing-attributes v0.1.31
   Compiling thiserror-impl v1.0.69
   Compiling bevy_utils_proc_macros v0.14.2
   Compiling bevy_reflect_derive v0.14.2
   Compiling zerofrom-derive v0.1.7
   Compiling yoke-derive v0.8.2
   Compiling bevy_ecs_macros v0.14.2
   Compiling bevy_derive v0.14.2
   Compiling zerovec-derive v0.11.3
   Compiling displaydoc v0.2.5
   Compiling valence_ident_macros v0.2.0-alpha.1+mc.1.20.1 (https://github.com/valence-rs/valence?rev=2b705351#2b705351)
   Compiling derive_more-impl v1.0.0
   Compiling bitfield-struct v0.8.0
   Compiling valence_protocol_macros v0.2.0-alpha.1+mc.1.20.1 (https://github.com/valence-rs/valence?rev=2b705351#2b705351)
   Compiling tokio-macros v2.7.0
   Compiling futures-macro v0.3.32
   Compiling tracing v0.1.44
   Compiling thiserror-impl v2.0.18
   Compiling zerofrom v0.1.7
   Compiling yoke v0.8.2
   Compiling async-trait v0.1.89
   Compiling tracing-subscriber v0.3.23
   Compiling deprecate-until v1.0.0
   Compiling zerotrie v0.2.4
   Compiling big-brain-derive v0.21.1
   Compiling valence_command_macros v0.2.0-alpha.1+mc.1.20.1 (https://github.com/valence-rs/valence?rev=2b705351#2b705351)
   Compiling zerovec v0.11.6
   Compiling tokio v1.51.0
   Compiling futures-util v0.3.32
   Compiling tinystr v0.8.3
   Compiling potential_utf v0.1.5
   Compiling derive_more v1.0.0
   Compiling icu_collections v2.2.0
   Compiling simple_asn1 v0.6.4
   Compiling pathfinding v4.15.0
   Compiling icu_locale_core v2.2.0
   Compiling rsa-der v0.3.0
   Compiling rustls-webpki v0.103.10
   Compiling hashbrown v0.14.5
   Compiling glam v0.27.0
   Compiling valence_ident v0.2.0-alpha.1+mc.1.20.1 (https://github.com/valence-rs/valence?rev=2b705351#2b705351)
   Compiling valence_nbt v0.8.0 (https://github.com/valence-rs/valence?rev=2b705351#2b705351)
   Compiling serde_urlencoded v0.7.1
   Compiling valence_generated v0.2.0-alpha.1+mc.1.20.1 (https://github.com/valence-rs/valence?rev=2b705351#2b705351)
   Compiling valence_entity v0.2.0-alpha.1+mc.1.20.1 (https://github.com/valence-rs/valence?rev=2b705351#2b705351)
   Compiling valence_lang v0.2.0-alpha.1+mc.1.20.1 (https://github.com/valence-rs/valence?rev=2b705351#2b705351)
   Compiling icu_provider v2.2.0
   Compiling icu_properties v2.2.0
   Compiling icu_normalizer v2.2.0
   Compiling bevy_utils v0.14.2
   Compiling valence_text v0.2.0-alpha.1+mc.1.20.1 (https://github.com/valence-rs/valence?rev=2b705351#2b705351)
   Compiling idna_adapter v1.2.1
   Compiling idna v1.1.0
   Compiling url v2.5.8
   Compiling hyper v1.9.0
   Compiling tower v0.5.3
   Compiling tokio-util v0.7.18
   Compiling bevy_reflect v0.14.2
   Compiling tokio-rustls v0.26.4
   Compiling tower-http v0.6.8
   Compiling combine v4.6.7
   Compiling hyper-util v0.1.20
   Compiling hyper-rustls v0.27.7
   Compiling reqwest v0.12.28
   Compiling bevy_ecs v0.14.2
   Compiling bevy_math v0.14.2
   Compiling redis v0.27.6
   Compiling bevy_app v0.14.2
   Compiling bevy_core v0.14.2
   Compiling bevy_time v0.14.2
   Compiling bevy_a11y v0.14.2
   Compiling bevy_log v0.14.2
   Compiling bevy_input v0.14.2
   Compiling bevy_window v0.14.2
   Compiling bevy_hierarchy v0.14.2
   Compiling bevy_diagnostic v0.14.2
   Compiling bevy_transform v0.14.2
   Compiling bevy_internal v0.14.2
   Compiling bevy v0.14.2
   Compiling big-brain v0.21.1
   Compiling seldom_state v0.11.0
   Compiling valence_protocol v0.2.0-alpha.1+mc.1.20.1 (https://github.com/valence-rs/valence?rev=2b705351#2b705351)
   Compiling valence_server_common v0.2.0-alpha.1+mc.1.20.1 (https://github.com/valence-rs/valence?rev=2b705351#2b705351)
   Compiling valence_registry v0.2.0-alpha.1+mc.1.20.1 (https://github.com/valence-rs/valence?rev=2b705351#2b705351)
   Compiling valence_server v0.2.0-alpha.1+mc.1.20.1 (https://github.com/valence-rs/valence?rev=2b705351#2b705351)
   Compiling valence_inventory v0.2.0-alpha.1+mc.1.20.1 (https://github.com/valence-rs/valence?rev=2b705351#2b705351)
   Compiling valence_advancement v0.2.0-alpha.1+mc.1.20.1 (https://github.com/valence-rs/valence?rev=2b705351#2b705351)
   Compiling valence_world_border v0.2.0-alpha.1+mc.1.20.1 (https://github.com/valence-rs/valence?rev=2b705351#2b705351)
   Compiling valence_weather v0.2.0-alpha.1+mc.1.20.1 (https://github.com/valence-rs/valence?rev=2b705351#2b705351)
   Compiling valence_anvil v0.1.0 (https://github.com/valence-rs/valence?rev=2b705351#2b705351)
   Compiling valence_network v0.2.0-alpha.1+mc.1.20.1 (https://github.com/valence-rs/valence?rev=2b705351#2b705351)
   Compiling valence_command v0.2.0-alpha.1+mc.1.20.1 (https://github.com/valence-rs/valence?rev=2b705351#2b705351)
   Compiling valence_scoreboard v0.2.0-alpha.1+mc.1.20.1 (https://github.com/valence-rs/valence?rev=2b705351#2b705351)
   Compiling valence_boss_bar v0.2.0-alpha.1+mc.1.20.1 (https://github.com/valence-rs/valence?rev=2b705351#2b705351)
   Compiling valence_player_list v0.2.0-alpha.1+mc.1.20.1 (https://github.com/valence-rs/valence?rev=2b705351#2b705351)
   Compiling valence_equipment v0.2.0-alpha.1+mc.1.20.1 (https://github.com/valence-rs/valence?rev=2b705351#2b705351)
   Compiling valence v0.2.0-alpha.1+mc.1.20.1 (https://github.com/valence-rs/valence?rev=2b705351#2b705351)
   Compiling bong-server v0.1.0 (/workspace/worktrees/tiandao-fullstack-closure/server)
    Finished `dev` profile [unoptimized + debuginfo] target(s) in 55.26s
     Running `/tmp/bong-target/debug/bong-server`
[2m2026-04-07T05:52:33.173911Z[0m [32m INFO[0m [bong][bridge] tokio runtime started
[2m2026-04-07T05:52:33.556285Z[0m [32m INFO[0m [bong][world] registering world setup system
[2m2026-04-07T05:52:33.556399Z[0m [32m INFO[0m [bong][player] registering player init/cleanup systems
[2m2026-04-07T05:52:33.556445Z[0m [32m INFO[0m [bong][npc] registering spawn/sync/brain systems
[2m2026-04-07T05:52:33.556456Z[0m [32m INFO[0m [bong][npc] registering startup spawn systems
[2m2026-04-07T05:52:33.556508Z[0m [32m INFO[0m [bong][npc] registering sync system
[2m2026-04-07T05:52:33.556537Z[0m [32m INFO[0m [bong][npc] registering brain systems
[2m2026-04-07T05:52:33.558111Z[0m [32m INFO[0m [bong][redis] connecting to redis://127.0.0.1:6379
[2m2026-04-07T05:52:33.558386Z[0m [31mERROR[0m [bong][redis] failed to get pub connection: Connection refused (os error 111)
[2m2026-04-07T05:52:33.561325Z[0m [33m WARN[0m [bong][world] fallback bootstrap: using FallbackFlat because world path missing or not a directory (preferred: AnvilIfPresent, world_path: world, region_dir: world/region)
[2m2026-04-07T05:52:33.561346Z[0m [32m INFO[0m [bong][world] selected bootstrap mode: FallbackFlat (preferred: AnvilIfPresent, world_path: world, region_dir: world/region, reason: world path missing or not a directory)
[2m2026-04-07T05:52:33.561356Z[0m [32m INFO[0m [bong][world] creating overworld test area (16x16 chunks)
[2m2026-04-07T05:52:33.604500Z[0m [32m INFO[0m [bong][npc] spawned zombie npc entity Entity { index: 1, generation: 1 } at [14, 66, 14]
[2m2026-04-07T05:52:33.604814Z[0m [32m INFO[0m [bong][npc] startup marker count with NpcMarker: 1
