    Finished `dev` profile [unoptimized + debuginfo] target(s) in 0.16s
     Running `/tmp/bong-target/debug/bong-server`
[2m2026-04-08T14:02:23.637944Z[0m [32m INFO[0m [bong][bridge] tokio runtime started
[2m2026-04-08T14:02:24.453094Z[0m [32m INFO[0m [bong][world] registering world setup system
[2m2026-04-08T14:02:24.453227Z[0m [32m INFO[0m [bong][player] registering player init systems
[2m2026-04-08T14:02:24.453303Z[0m [32m INFO[0m [bong][npc] registering spawn/sync/brain systems
[2m2026-04-08T14:02:24.453313Z[0m [32m INFO[0m [bong][npc] registering startup spawn systems
[2m2026-04-08T14:02:24.453366Z[0m [32m INFO[0m [bong][npc] registering sync system
[2m2026-04-08T14:02:24.453397Z[0m [32m INFO[0m [bong][npc] registering brain systems
[2m2026-04-08T14:02:24.455239Z[0m [32m INFO[0m [bong][redis] connecting to redis://127.0.0.1:6379
[2m2026-04-08T14:02:24.456149Z[0m [32m INFO[0m [bong][redis] subscribed to bong:agent_command and bong:agent_narrate
[2m2026-04-08T14:02:24.458434Z[0m [33m WARN[0m [bong][world] fallback bootstrap: using FallbackFlat because world path missing or not a directory (preferred: AnvilIfPresent, world_path: world, region_dir: world/region)
[2m2026-04-08T14:02:24.458455Z[0m [32m INFO[0m [bong][world] selected bootstrap mode: FallbackFlat (preferred: AnvilIfPresent, world_path: world, region_dir: world/region, reason: world path missing or not a directory)
[2m2026-04-08T14:02:24.458464Z[0m [32m INFO[0m [bong][world] creating overworld test area (16x16 chunks)
[2m2026-04-08T14:02:24.502812Z[0m [32m INFO[0m [bong][npc] spawned zombie npc entity Entity { index: 1, generation: 1 } at [14, 66, 14]
[2m2026-04-08T14:02:24.503213Z[0m [32m INFO[0m [bong][npc] startup marker count with NpcMarker: 1
[2m2026-04-08T14:02:44.709229Z[0m [32m INFO[0m [bong][redis] received agent command: cmd_1775656964708 (5 cmds)
[2m2026-04-08T14:02:44.709393Z[0m [32m INFO[0m [bong][redis] received narration (3 entries)
[2m2026-04-08T14:02:44.755025Z[0m [32m INFO[0m [bong][network] received agent command batch cmd_1775656964708: 5 commands from None
[2m2026-04-08T14:02:44.755104Z[0m [32m INFO[0m [bong][network]   cmd: ModifyZone → spawn params={"spirit_qi_delta": Number(0), "danger_level_delta": Number(3)}
[2m2026-04-08T14:02:44.755119Z[0m [32m INFO[0m [bong][network]   cmd: NpcBehavior → global params={"flee_threshold": Number(0.65)}
[2m2026-04-08T14:02:44.755135Z[0m [32m INFO[0m [bong][network]   cmd: NpcBehavior → global params={"flee_threshold": Number(0.65)}
[2m2026-04-08T14:02:44.755143Z[0m [32m INFO[0m [bong][network]   cmd: SpawnEvent → spawn params={"duration_ticks": Number(120), "event": String("thunder_tribulation"), "intensity": Number(0.7)}
[2m2026-04-08T14:02:44.755155Z[0m [32m INFO[0m [bong][network]   cmd: NpcBehavior → global params={"flee_threshold": Number(0.65)}
[2m2026-04-08T14:02:44.755214Z[0m [32m INFO[0m [bong][network] enqueued 5 agent commands (pending: 5)
[2m2026-04-08T14:02:44.755247Z[0m [32m INFO[0m [bong][network] sent bong:server_data narration payload: 1 narrations, 134 bytes, 0 clients
[2m2026-04-08T14:02:44.755265Z[0m [32m INFO[0m [bong][network] sent bong:server_data narration payload: 1 narrations, 134 bytes, 0 clients
[2m2026-04-08T14:02:44.755281Z[0m [32m INFO[0m [bong][network] sent bong:server_data narration payload: 1 narrations, 134 bytes, 0 clients
[2m2026-04-08T14:02:44.755317Z[0m [32m INFO[0m [bong][network][command_executor] modify_zone applied for target=spawn batch_id=cmd_1775656964708 spirit_qi=0.9 danger_level=3
[2m2026-04-08T14:02:44.755335Z[0m [32m INFO[0m [bong][network][command_executor] npc_behavior updated runtime flee_threshold=0.65 for batch_id=cmd_1775656964708
[2m2026-04-08T14:02:44.755344Z[0m [32m INFO[0m [bong][network][command_executor] npc_behavior updated runtime flee_threshold=0.65 for batch_id=cmd_1775656964708
[2m2026-04-08T14:02:44.755361Z[0m [32m INFO[0m [bong][network][command_executor] spawn_event thunder_tribulation recorded for target=spawn batch_id=cmd_1775656964708 duration_ticks=120 intensity=0.7
[2m2026-04-08T14:02:44.755381Z[0m [32m INFO[0m [bong][network][command_executor] npc_behavior updated runtime flee_threshold=0.65 for batch_id=cmd_1775656964708
[2m2026-04-08T14:02:45.815308Z[0m [33m WARN[0m [bong][redis] subscriber task ended, stopping bridge
