    Finished `dev` profile [unoptimized + debuginfo] target(s) in 0.18s
     Running `/tmp/bong-target/debug/bong-server`
[2m2026-04-07T06:39:08.534750Z[0m [32m INFO[0m [bong][bridge] tokio runtime started
[2m2026-04-07T06:39:09.311580Z[0m [32m INFO[0m [bong][world] registering world setup system
[2m2026-04-07T06:39:09.311687Z[0m [32m INFO[0m [bong][player] registering player init/cleanup systems
[2m2026-04-07T06:39:09.311727Z[0m [32m INFO[0m [bong][npc] registering spawn/sync/brain systems
[2m2026-04-07T06:39:09.311736Z[0m [32m INFO[0m [bong][npc] registering startup spawn systems
[2m2026-04-07T06:39:09.311781Z[0m [32m INFO[0m [bong][npc] registering sync system
[2m2026-04-07T06:39:09.311807Z[0m [32m INFO[0m [bong][npc] registering brain systems
[2m2026-04-07T06:39:09.313889Z[0m [32m INFO[0m [bong][redis] connecting to redis://127.0.0.1:6379
[2m2026-04-07T06:39:09.314837Z[0m [32m INFO[0m [bong][redis] subscribed to bong:agent_command and bong:agent_narrate
[2m2026-04-07T06:39:09.316691Z[0m [33m WARN[0m [bong][world] fallback bootstrap: using FallbackFlat because world path missing or not a directory (preferred: AnvilIfPresent, world_path: world, region_dir: world/region)
[2m2026-04-07T06:39:09.316726Z[0m [32m INFO[0m [bong][world] selected bootstrap mode: FallbackFlat (preferred: AnvilIfPresent, world_path: world, region_dir: world/region, reason: world path missing or not a directory)
[2m2026-04-07T06:39:09.316734Z[0m [32m INFO[0m [bong][world] creating overworld test area (16x16 chunks)
[2m2026-04-07T06:39:09.361793Z[0m [32m INFO[0m [bong][npc] spawned zombie npc entity Entity { index: 1, generation: 1 } at [14, 66, 14]
[2m2026-04-07T06:39:09.362047Z[0m [32m INFO[0m [bong][npc] startup marker count with NpcMarker: 1
[2m2026-04-07T06:39:29.587253Z[0m [32m INFO[0m [bong][redis] received agent command: cmd_1775543969583 (5 cmds)
[2m2026-04-07T06:39:29.589576Z[0m [32m INFO[0m [bong][network] received agent command batch cmd_1775543969583: 5 commands from None
[2m2026-04-07T06:39:29.589664Z[0m [32m INFO[0m [bong][network]   cmd: ModifyZone → spawn params={"danger_level_delta": Number(3), "spirit_qi_delta": Number(0)}
[2m2026-04-07T06:39:29.589729Z[0m [32m INFO[0m [bong][network]   cmd: NpcBehavior → global params={"flee_threshold": Number(0.65)}
[2m2026-04-07T06:39:29.589798Z[0m [32m INFO[0m [bong][network]   cmd: NpcBehavior → global params={"flee_threshold": Number(0.65)}
[2m2026-04-07T06:39:29.589829Z[0m [32m INFO[0m [bong][network]   cmd: SpawnEvent → spawn params={"intensity": Number(0.7), "duration_ticks": Number(120), "event": String("thunder_tribulation")}
[2m2026-04-07T06:39:29.589862Z[0m [32m INFO[0m [bong][network]   cmd: NpcBehavior → global params={"flee_threshold": Number(0.65)}
[2m2026-04-07T06:39:29.589948Z[0m [32m INFO[0m [bong][network] enqueued 5 agent commands (pending: 5)
[2m2026-04-07T06:39:29.589981Z[0m [32m INFO[0m [bong][redis] received narration (3 entries)
[2m2026-04-07T06:39:29.590067Z[0m [32m INFO[0m [bong][network][command_executor] modify_zone applied for target=spawn batch_id=cmd_1775543969583 spirit_qi=0.9 danger_level=3
[2m2026-04-07T06:39:29.590117Z[0m [32m INFO[0m [bong][network][command_executor] npc_behavior updated runtime flee_threshold=0.65 for batch_id=cmd_1775543969583
[2m2026-04-07T06:39:29.590145Z[0m [32m INFO[0m [bong][network][command_executor] npc_behavior updated runtime flee_threshold=0.65 for batch_id=cmd_1775543969583
[2m2026-04-07T06:39:29.590184Z[0m [32m INFO[0m [bong][network][command_executor] spawn_event thunder_tribulation recorded for target=spawn batch_id=cmd_1775543969583 duration_ticks=120 intensity=0.7
[2m2026-04-07T06:39:29.590215Z[0m [32m INFO[0m [bong][network][command_executor] npc_behavior updated runtime flee_threshold=0.65 for batch_id=cmd_1775543969583
[2m2026-04-07T06:39:29.637686Z[0m [32m INFO[0m [bong][network] sent bong:server_data narration payload: 1 narrations, 134 bytes, 0 clients
[2m2026-04-07T06:39:29.637780Z[0m [32m INFO[0m [bong][network] sent bong:server_data narration payload: 1 narrations, 134 bytes, 0 clients
[2m2026-04-07T06:39:29.637829Z[0m [32m INFO[0m [bong][network] sent bong:server_data narration payload: 1 narrations, 134 bytes, 0 clients
[2m2026-04-07T06:39:36.147656Z[0m [33m WARN[0m [bong][redis] subscriber task ended, stopping bridge
