subscribe
bong:world_state
1
subscribe
bong:agent_command
2
subscribe
bong:agent_narrate
3
message
bong:world_state
{"v":1,"ts":1775541555,"tick":200,"players":[],"npcs":[],"zones":[{"name":"spawn","spirit_qi":0.9,"danger_level":0,"active_events":[],"player_count":0}],"recent_events":[]}
message
bong:world_state
{"v":1,"ts":1775541565,"tick":400,"players":[],"npcs":[],"zones":[{"name":"spawn","spirit_qi":0.9,"danger_level":0,"active_events":[],"player_count":0}],"recent_events":[]}
message
bong:agent_command
{"v":1,"id":"cmd_1775541565286","commands":[{"type":"modify_zone","target":"spawn","params":{"spirit_qi_delta":0,"danger_level_delta":3}},{"type":"npc_behavior","target":"global","params":{"flee_threshold":0.65}},{"type":"npc_behavior","target":"global","params":{"flee_threshold":0.65}},{"type":"spawn_event","target":"spawn","params":{"event":"thunder_tribulation","intensity":0.7,"duration_ticks":120}},{"type":"npc_behavior","target":"global","params":{"flee_threshold":0.65}}]}
message
bong:agent_narrate
{"v":1,"narrations":[{"scope":"broadcast","style":"system_warning","text":"天道测试叙事：雷劫将至。"},{"scope":"broadcast","style":"system_warning","text":"天道测试叙事：雷劫将至。"},{"scope":"broadcast","style":"system_warning","text":"天道测试叙事：雷劫将至。"}]}
