    Finished `dev` profile [unoptimized + debuginfo] target(s) in 0.14s
     Running `/tmp/bong-target/debug/bong-server`
[2m2026-04-07T05:59:04.409308Z[0m [32m INFO[0m [bong][bridge] tokio runtime started
[2m2026-04-07T05:59:05.018107Z[0m [32m INFO[0m [bong][world] registering world setup system
[2m2026-04-07T05:59:05.018308Z[0m [32m INFO[0m [bong][player] registering player init/cleanup systems
[2m2026-04-07T05:59:05.018392Z[0m [32m INFO[0m [bong][npc] registering spawn/sync/brain systems
[2m2026-04-07T05:59:05.018402Z[0m [32m INFO[0m [bong][npc] registering startup spawn systems
[2m2026-04-07T05:59:05.018450Z[0m [32m INFO[0m [bong][npc] registering sync system
[2m2026-04-07T05:59:05.018476Z[0m [32m INFO[0m [bong][npc] registering brain systems
[2m2026-04-07T05:59:05.020632Z[0m [32m INFO[0m [bong][redis] connecting to redis://127.0.0.1:6379
[2m2026-04-07T05:59:05.021400Z[0m [32m INFO[0m [bong][redis] subscribed to bong:agent_command and bong:agent_narrate
[2m2026-04-07T05:59:05.023391Z[0m [33m WARN[0m [bong][world] fallback bootstrap: using FallbackFlat because world path missing or not a directory (preferred: AnvilIfPresent, world_path: world, region_dir: world/region)
[2m2026-04-07T05:59:05.023411Z[0m [32m INFO[0m [bong][world] selected bootstrap mode: FallbackFlat (preferred: AnvilIfPresent, world_path: world, region_dir: world/region, reason: world path missing or not a directory)
[2m2026-04-07T05:59:05.023421Z[0m [32m INFO[0m [bong][world] creating overworld test area (16x16 chunks)
[2m2026-04-07T05:59:05.064644Z[0m [32m INFO[0m [bong][npc] spawned zombie npc entity Entity { index: 1, generation: 1 } at [14, 66, 14]
[2m2026-04-07T05:59:05.065014Z[0m [32m INFO[0m [bong][npc] startup marker count with NpcMarker: 1
[2m2026-04-07T05:59:25.288014Z[0m [32m INFO[0m [bong][redis] received agent command: cmd_1775541565286 (5 cmds)
[2m2026-04-07T05:59:25.288175Z[0m [32m INFO[0m [bong][redis] received narration (3 entries)
[2m2026-04-07T05:59:25.337224Z[0m [32m INFO[0m [bong][network] received agent command batch cmd_1775541565286: 5 commands from None
[2m2026-04-07T05:59:25.337258Z[0m [32m INFO[0m [bong][network]   cmd: ModifyZone → spawn params={"spirit_qi_delta": Number(0), "danger_level_delta": Number(3)}
[2m2026-04-07T05:59:25.337273Z[0m [32m INFO[0m [bong][network]   cmd: NpcBehavior → global params={"flee_threshold": Number(0.65)}
[2m2026-04-07T05:59:25.337285Z[0m [32m INFO[0m [bong][network]   cmd: NpcBehavior → global params={"flee_threshold": Number(0.65)}
[2m2026-04-07T05:59:25.337293Z[0m [32m INFO[0m [bong][network]   cmd: SpawnEvent → spawn params={"intensity": Number(0.7), "event": String("thunder_tribulation"), "duration_ticks": Number(120)}
[2m2026-04-07T05:59:25.337304Z[0m [32m INFO[0m [bong][network]   cmd: NpcBehavior → global params={"flee_threshold": Number(0.65)}
[2m2026-04-07T05:59:25.337346Z[0m [32m INFO[0m [bong][network] enqueued 5 agent commands (pending: 5)
[2m2026-04-07T05:59:25.337359Z[0m [32m INFO[0m [bong][network] narration: §c[天道警示] 天道测试叙事：雷劫将至。
[2m2026-04-07T05:59:25.337367Z[0m [32m INFO[0m [bong][network] narration: §c[天道警示] 天道测试叙事：雷劫将至。
[2m2026-04-07T05:59:25.337373Z[0m [32m INFO[0m [bong][network] narration: §c[天道警示] 天道测试叙事：雷劫将至。
[2m2026-04-07T05:59:25.337407Z[0m [32m INFO[0m [bong][network][command_executor] modify_zone applied for target=spawn batch_id=cmd_1775541565286 spirit_qi=0.9 danger_level=3
[2m2026-04-07T05:59:25.337423Z[0m [32m INFO[0m [bong][network][command_executor] npc_behavior updated runtime flee_threshold=0.65 for batch_id=cmd_1775541565286
[2m2026-04-07T05:59:25.337432Z[0m [32m INFO[0m [bong][network][command_executor] npc_behavior updated runtime flee_threshold=0.65 for batch_id=cmd_1775541565286
[2m2026-04-07T05:59:25.337446Z[0m [32m INFO[0m [bong][network][command_executor] spawn_event thunder_tribulation recorded for target=spawn batch_id=cmd_1775541565286 duration_ticks=120 intensity=0.7
[2m2026-04-07T05:59:25.337464Z[0m [32m INFO[0m [bong][network][command_executor] npc_behavior updated runtime flee_threshold=0.65 for batch_id=cmd_1775541565286
[2m2026-04-07T05:59:32.464569Z[0m [33m WARN[0m [bong][redis] subscriber task ended, stopping bridge
