    Finished `dev` profile [unoptimized + debuginfo] target(s) in 0.15s
     Running `/tmp/bong-target/debug/bong-server`
[2m2026-04-07T05:59:50.330081Z[0m [32m INFO[0m [bong][bridge] tokio runtime started
[2m2026-04-07T05:59:50.690194Z[0m [32m INFO[0m [bong][world] registering world setup system
[2m2026-04-07T05:59:50.690365Z[0m [32m INFO[0m [bong][player] registering player init/cleanup systems
[2m2026-04-07T05:59:50.690410Z[0m [32m INFO[0m [bong][npc] registering spawn/sync/brain systems
[2m2026-04-07T05:59:50.690419Z[0m [32m INFO[0m [bong][npc] registering startup spawn systems
[2m2026-04-07T05:59:50.690464Z[0m [32m INFO[0m [bong][npc] registering sync system
[2m2026-04-07T05:59:50.690490Z[0m [32m INFO[0m [bong][npc] registering brain systems
[2m2026-04-07T05:59:50.692818Z[0m [32m INFO[0m [bong][redis] connecting to redis://127.0.0.1:6379
[2m2026-04-07T05:59:50.693721Z[0m [32m INFO[0m [bong][redis] subscribed to bong:agent_command and bong:agent_narrate
[2m2026-04-07T05:59:50.696038Z[0m [33m WARN[0m [bong][world] fallback bootstrap: using FallbackFlat because world path missing or not a directory (preferred: AnvilIfPresent, world_path: world, region_dir: world/region)
[2m2026-04-07T05:59:50.696062Z[0m [32m INFO[0m [bong][world] selected bootstrap mode: FallbackFlat (preferred: AnvilIfPresent, world_path: world, region_dir: world/region, reason: world path missing or not a directory)
[2m2026-04-07T05:59:50.696072Z[0m [32m INFO[0m [bong][world] creating overworld test area (16x16 chunks)
[2m2026-04-07T05:59:50.737050Z[0m [32m INFO[0m [bong][npc] spawned zombie npc entity Entity { index: 1, generation: 1 } at [14, 66, 14]
[2m2026-04-07T05:59:50.737422Z[0m [32m INFO[0m [bong][npc] startup marker count with NpcMarker: 1
[2m2026-04-07T06:00:10.970443Z[0m [32m INFO[0m [bong][redis] received agent command: cmd_1775541610966 (5 cmds)
[2m2026-04-07T06:00:10.971828Z[0m [32m INFO[0m [bong][redis] received narration (3 entries)
[2m2026-04-07T06:00:11.015262Z[0m [32m INFO[0m [bong][network] received agent command batch cmd_1775541610966: 5 commands from None
[2m2026-04-07T06:00:11.015326Z[0m [32m INFO[0m [bong][network]   cmd: ModifyZone → spawn params={"spirit_qi_delta": Number(0), "danger_level_delta": Number(3)}
[2m2026-04-07T06:00:11.015353Z[0m [32m INFO[0m [bong][network]   cmd: NpcBehavior → global params={"flee_threshold": Number(0.65)}
[2m2026-04-07T06:00:11.015375Z[0m [32m INFO[0m [bong][network]   cmd: NpcBehavior → global params={"flee_threshold": Number(0.65)}
[2m2026-04-07T06:00:11.015392Z[0m [32m INFO[0m [bong][network]   cmd: SpawnEvent → spawn params={"event": String("thunder_tribulation"), "duration_ticks": Number(120), "intensity": Number(0.7)}
[2m2026-04-07T06:00:11.015414Z[0m [32m INFO[0m [bong][network]   cmd: NpcBehavior → global params={"flee_threshold": Number(0.65)}
[2m2026-04-07T06:00:11.015474Z[0m [32m INFO[0m [bong][network] enqueued 5 agent commands (pending: 5)
[2m2026-04-07T06:00:11.015498Z[0m [32m INFO[0m [bong][network] narration: §c[天道警示] 天道测试叙事：雷劫将至。
[2m2026-04-07T06:00:11.015512Z[0m [32m INFO[0m [bong][network] narration: §c[天道警示] 天道测试叙事：雷劫将至。
[2m2026-04-07T06:00:11.015525Z[0m [32m INFO[0m [bong][network] narration: §c[天道警示] 天道测试叙事：雷劫将至。
[2m2026-04-07T06:00:11.015596Z[0m [32m INFO[0m [bong][network][command_executor] modify_zone applied for target=spawn batch_id=cmd_1775541610966 spirit_qi=0.9 danger_level=3
[2m2026-04-07T06:00:11.015631Z[0m [32m INFO[0m [bong][network][command_executor] npc_behavior updated runtime flee_threshold=0.65 for batch_id=cmd_1775541610966
[2m2026-04-07T06:00:11.015651Z[0m [32m INFO[0m [bong][network][command_executor] npc_behavior updated runtime flee_threshold=0.65 for batch_id=cmd_1775541610966
[2m2026-04-07T06:00:11.015678Z[0m [32m INFO[0m [bong][network][command_executor] spawn_event thunder_tribulation recorded for target=spawn batch_id=cmd_1775541610966 duration_ticks=120 intensity=0.7
[2m2026-04-07T06:00:11.015712Z[0m [32m INFO[0m [bong][network][command_executor] npc_behavior updated runtime flee_threshold=0.65 for batch_id=cmd_1775541610966
[2m2026-04-07T06:00:17.526133Z[0m [33m WARN[0m [bong][redis] subscriber task ended, stopping bridge
