    Finished `dev` profile [unoptimized + debuginfo] target(s) in 0.21s
     Running `/tmp/bong-target/debug/bong-server`
[2m2026-04-07T05:57:39.576235Z[0m [32m INFO[0m [bong][bridge] tokio runtime started
[2m2026-04-07T05:57:40.400126Z[0m [32m INFO[0m [bong][world] registering world setup system
[2m2026-04-07T05:57:40.400233Z[0m [32m INFO[0m [bong][player] registering player init/cleanup systems
[2m2026-04-07T05:57:40.400276Z[0m [32m INFO[0m [bong][npc] registering spawn/sync/brain systems
[2m2026-04-07T05:57:40.400286Z[0m [32m INFO[0m [bong][npc] registering startup spawn systems
[2m2026-04-07T05:57:40.400332Z[0m [32m INFO[0m [bong][npc] registering sync system
[2m2026-04-07T05:57:40.400361Z[0m [32m INFO[0m [bong][npc] registering brain systems
[2m2026-04-07T05:57:40.401698Z[0m [32m INFO[0m [bong][redis] connecting to redis://127.0.0.1:6379
[2m2026-04-07T05:57:40.402540Z[0m [32m INFO[0m [bong][redis] subscribed to bong:agent_command and bong:agent_narrate
[2m2026-04-07T05:57:40.404726Z[0m [33m WARN[0m [bong][world] fallback bootstrap: using FallbackFlat because world path missing or not a directory (preferred: AnvilIfPresent, world_path: world, region_dir: world/region)
[2m2026-04-07T05:57:40.404742Z[0m [32m INFO[0m [bong][world] selected bootstrap mode: FallbackFlat (preferred: AnvilIfPresent, world_path: world, region_dir: world/region, reason: world path missing or not a directory)
[2m2026-04-07T05:57:40.404751Z[0m [32m INFO[0m [bong][world] creating overworld test area (16x16 chunks)
[2m2026-04-07T05:57:40.444300Z[0m [32m INFO[0m [bong][npc] spawned zombie npc entity Entity { index: 1, generation: 1 } at [14, 66, 14]
[2m2026-04-07T05:57:40.444622Z[0m [32m INFO[0m [bong][npc] startup marker count with NpcMarker: 1
[2m2026-04-07T05:58:00.678996Z[0m [32m INFO[0m [bong][redis] received agent command: cmd_1775541480676 (5 cmds)
[2m2026-04-07T05:58:00.679593Z[0m [32m INFO[0m [bong][network] received agent command batch cmd_1775541480676: 5 commands from None
[2m2026-04-07T05:58:00.679659Z[0m [32m INFO[0m [bong][network]   cmd: ModifyZone → spawn params={"spirit_qi_delta": Number(0), "danger_level_delta": Number(3)}
[2m2026-04-07T05:58:00.679700Z[0m [32m INFO[0m [bong][network]   cmd: NpcBehavior → global params={"flee_threshold": Number(0.65)}
[2m2026-04-07T05:58:00.679742Z[0m [32m INFO[0m [bong][network]   cmd: NpcBehavior → global params={"flee_threshold": Number(0.65)}
[2m2026-04-07T05:58:00.679783Z[0m [32m INFO[0m [bong][network]   cmd: SpawnEvent → spawn params={"duration_ticks": Number(120), "intensity": Number(0.7), "event": String("thunder_tribulation")}
[2m2026-04-07T05:58:00.679850Z[0m [32m INFO[0m [bong][network]   cmd: NpcBehavior → global params={"flee_threshold": Number(0.65)}
[2m2026-04-07T05:58:00.679883Z[0m [32m INFO[0m [bong][redis] received narration (3 entries)
[2m2026-04-07T05:58:00.679961Z[0m [32m INFO[0m [bong][network] enqueued 5 agent commands (pending: 5)
[2m2026-04-07T05:58:00.680003Z[0m [32m INFO[0m [bong][network] narration: §c[天道警示] 天道测试叙事：雷劫将至。
[2m2026-04-07T05:58:00.680029Z[0m [32m INFO[0m [bong][network] narration: §c[天道警示] 天道测试叙事：雷劫将至。
[2m2026-04-07T05:58:00.680052Z[0m [32m INFO[0m [bong][network] narration: §c[天道警示] 天道测试叙事：雷劫将至。
[2m2026-04-07T05:58:00.680166Z[0m [32m INFO[0m [bong][network][command_executor] modify_zone applied for target=spawn batch_id=cmd_1775541480676 spirit_qi=0.9 danger_level=3
[2m2026-04-07T05:58:00.680221Z[0m [32m INFO[0m [bong][network][command_executor] npc_behavior updated runtime flee_threshold=0.65 for batch_id=cmd_1775541480676
[2m2026-04-07T05:58:00.680255Z[0m [32m INFO[0m [bong][network][command_executor] npc_behavior updated runtime flee_threshold=0.65 for batch_id=cmd_1775541480676
[2m2026-04-07T05:58:00.680298Z[0m [32m INFO[0m [bong][network][command_executor] spawn_event thunder_tribulation recorded for target=spawn batch_id=cmd_1775541480676 duration_ticks=120 intensity=0.7
[2m2026-04-07T05:58:00.680355Z[0m [32m INFO[0m [bong][network][command_executor] npc_behavior updated runtime flee_threshold=0.65 for batch_id=cmd_1775541480676
[2m2026-04-07T05:58:08.046176Z[0m [33m WARN[0m [bong][redis] subscriber task ended, stopping bridge
