    Finished `dev` profile [unoptimized + debuginfo] target(s) in 0.15s
     Running `/tmp/bong-target/debug/bong-server`
[2m2026-04-07T06:19:29.403234Z[0m [32m INFO[0m [bong][bridge] tokio runtime started
[2m2026-04-07T06:19:30.194683Z[0m [32m INFO[0m [bong][world] registering world setup system
[2m2026-04-07T06:19:30.194797Z[0m [32m INFO[0m [bong][player] registering player init/cleanup systems
[2m2026-04-07T06:19:30.194845Z[0m [32m INFO[0m [bong][npc] registering spawn/sync/brain systems
[2m2026-04-07T06:19:30.194856Z[0m [32m INFO[0m [bong][npc] registering startup spawn systems
[2m2026-04-07T06:19:30.194907Z[0m [32m INFO[0m [bong][npc] registering sync system
[2m2026-04-07T06:19:30.194937Z[0m [32m INFO[0m [bong][npc] registering brain systems
[2m2026-04-07T06:19:30.196795Z[0m [32m INFO[0m [bong][redis] connecting to redis://127.0.0.1:6379
[2m2026-04-07T06:19:30.197567Z[0m [32m INFO[0m [bong][redis] subscribed to bong:agent_command and bong:agent_narrate
[2m2026-04-07T06:19:30.199541Z[0m [33m WARN[0m [bong][world] fallback bootstrap: using FallbackFlat because world path missing or not a directory (preferred: AnvilIfPresent, world_path: world, region_dir: world/region)
[2m2026-04-07T06:19:30.199563Z[0m [32m INFO[0m [bong][world] selected bootstrap mode: FallbackFlat (preferred: AnvilIfPresent, world_path: world, region_dir: world/region, reason: world path missing or not a directory)
[2m2026-04-07T06:19:30.199572Z[0m [32m INFO[0m [bong][world] creating overworld test area (16x16 chunks)
[2m2026-04-07T06:19:30.241527Z[0m [32m INFO[0m [bong][npc] spawned zombie npc entity Entity { index: 1, generation: 1 } at [14, 66, 14]
[2m2026-04-07T06:19:30.241823Z[0m [32m INFO[0m [bong][npc] startup marker count with NpcMarker: 1
[2m2026-04-07T06:19:50.470576Z[0m [32m INFO[0m [bong][redis] received agent command: cmd_1775542790468 (5 cmds)
[2m2026-04-07T06:19:50.471044Z[0m [32m INFO[0m [bong][redis] received narration (3 entries)
[2m2026-04-07T06:19:50.497690Z[0m [32m INFO[0m [bong][network] received agent command batch cmd_1775542790468: 5 commands from None
[2m2026-04-07T06:19:50.497734Z[0m [32m INFO[0m [bong][network]   cmd: ModifyZone → spawn params={"danger_level_delta": Number(3), "spirit_qi_delta": Number(0)}
[2m2026-04-07T06:19:50.497750Z[0m [32m INFO[0m [bong][network]   cmd: NpcBehavior → global params={"flee_threshold": Number(0.65)}
[2m2026-04-07T06:19:50.497765Z[0m [32m INFO[0m [bong][network]   cmd: NpcBehavior → global params={"flee_threshold": Number(0.65)}
[2m2026-04-07T06:19:50.497775Z[0m [32m INFO[0m [bong][network]   cmd: SpawnEvent → spawn params={"event": String("thunder_tribulation"), "intensity": Number(0.7), "duration_ticks": Number(120)}
[2m2026-04-07T06:19:50.497787Z[0m [32m INFO[0m [bong][network]   cmd: NpcBehavior → global params={"flee_threshold": Number(0.65)}
[2m2026-04-07T06:19:50.497827Z[0m [32m INFO[0m [bong][network] enqueued 5 agent commands (pending: 5)
[2m2026-04-07T06:19:50.497871Z[0m [32m INFO[0m [bong][network] sent bong:server_data narration payload: 3 narrations, 320 bytes, 0 clients
[2m2026-04-07T06:19:50.497926Z[0m [32m INFO[0m [bong][network][command_executor] modify_zone applied for target=spawn batch_id=cmd_1775542790468 spirit_qi=0.9 danger_level=3
[2m2026-04-07T06:19:50.497954Z[0m [32m INFO[0m [bong][network][command_executor] npc_behavior updated runtime flee_threshold=0.65 for batch_id=cmd_1775542790468
[2m2026-04-07T06:19:50.497966Z[0m [32m INFO[0m [bong][network][command_executor] npc_behavior updated runtime flee_threshold=0.65 for batch_id=cmd_1775542790468
[2m2026-04-07T06:19:50.497983Z[0m [32m INFO[0m [bong][network][command_executor] spawn_event thunder_tribulation recorded for target=spawn batch_id=cmd_1775542790468 duration_ticks=120 intensity=0.7
[2m2026-04-07T06:19:50.497999Z[0m [32m INFO[0m [bong][network][command_executor] npc_behavior updated runtime flee_threshold=0.65 for batch_id=cmd_1775542790468
[2m2026-04-07T06:19:56.722991Z[0m [33m WARN[0m [bong][redis] subscriber task ended, stopping bridge
