    Finished `dev` profile [unoptimized + debuginfo] target(s) in 0.15s
     Running `/tmp/bong-target/debug/bong-server`
[2m2026-04-07T06:40:13.011939Z[0m [32m INFO[0m [bong][bridge] tokio runtime started
[2m2026-04-07T06:40:13.401070Z[0m [32m INFO[0m [bong][world] registering world setup system
[2m2026-04-07T06:40:13.401191Z[0m [32m INFO[0m [bong][player] registering player init/cleanup systems
[2m2026-04-07T06:40:13.401232Z[0m [32m INFO[0m [bong][npc] registering spawn/sync/brain systems
[2m2026-04-07T06:40:13.401241Z[0m [32m INFO[0m [bong][npc] registering startup spawn systems
[2m2026-04-07T06:40:13.401287Z[0m [32m INFO[0m [bong][npc] registering sync system
[2m2026-04-07T06:40:13.401313Z[0m [32m INFO[0m [bong][npc] registering brain systems
[2m2026-04-07T06:40:13.402847Z[0m [32m INFO[0m [bong][redis] connecting to redis://127.0.0.1:6379
[2m2026-04-07T06:40:13.403920Z[0m [32m INFO[0m [bong][redis] subscribed to bong:agent_command and bong:agent_narrate
[2m2026-04-07T06:40:13.406185Z[0m [33m WARN[0m [bong][world] fallback bootstrap: using FallbackFlat because world path missing or not a directory (preferred: AnvilIfPresent, world_path: world, region_dir: world/region)
[2m2026-04-07T06:40:13.406203Z[0m [32m INFO[0m [bong][world] selected bootstrap mode: FallbackFlat (preferred: AnvilIfPresent, world_path: world, region_dir: world/region, reason: world path missing or not a directory)
[2m2026-04-07T06:40:13.406212Z[0m [32m INFO[0m [bong][world] creating overworld test area (16x16 chunks)
[2m2026-04-07T06:40:13.450006Z[0m [32m INFO[0m [bong][npc] spawned zombie npc entity Entity { index: 1, generation: 1 } at [14, 66, 14]
[2m2026-04-07T06:40:13.450337Z[0m [32m INFO[0m [bong][npc] startup marker count with NpcMarker: 1
[2m2026-04-07T06:40:33.680255Z[0m [32m INFO[0m [bong][redis] received agent command: cmd_1775544033677 (5 cmds)
[2m2026-04-07T06:40:33.681374Z[0m [32m INFO[0m [bong][redis] received narration (3 entries)
[2m2026-04-07T06:40:33.682358Z[0m [32m INFO[0m [bong][network] received agent command batch cmd_1775544033677: 5 commands from None
[2m2026-04-07T06:40:33.682461Z[0m [32m INFO[0m [bong][network]   cmd: ModifyZone → spawn params={"danger_level_delta": Number(3), "spirit_qi_delta": Number(0)}
[2m2026-04-07T06:40:33.682528Z[0m [32m INFO[0m [bong][network]   cmd: NpcBehavior → global params={"flee_threshold": Number(0.65)}
[2m2026-04-07T06:40:33.682596Z[0m [32m INFO[0m [bong][network]   cmd: NpcBehavior → global params={"flee_threshold": Number(0.65)}
[2m2026-04-07T06:40:33.682646Z[0m [32m INFO[0m [bong][network]   cmd: SpawnEvent → spawn params={"intensity": Number(0.7), "duration_ticks": Number(120), "event": String("thunder_tribulation")}
[2m2026-04-07T06:40:33.682708Z[0m [32m INFO[0m [bong][network]   cmd: NpcBehavior → global params={"flee_threshold": Number(0.65)}
[2m2026-04-07T06:40:33.682854Z[0m [32m INFO[0m [bong][network] enqueued 5 agent commands (pending: 5)
[2m2026-04-07T06:40:33.682979Z[0m [32m INFO[0m [bong][network] sent bong:server_data narration payload: 1 narrations, 134 bytes, 0 clients
[2m2026-04-07T06:40:33.683086Z[0m [32m INFO[0m [bong][network] sent bong:server_data narration payload: 1 narrations, 134 bytes, 0 clients
[2m2026-04-07T06:40:33.683191Z[0m [32m INFO[0m [bong][network] sent bong:server_data narration payload: 1 narrations, 134 bytes, 0 clients
[2m2026-04-07T06:40:33.683360Z[0m [32m INFO[0m [bong][network][command_executor] modify_zone applied for target=spawn batch_id=cmd_1775544033677 spirit_qi=0.9 danger_level=3
[2m2026-04-07T06:40:33.683439Z[0m [32m INFO[0m [bong][network][command_executor] npc_behavior updated runtime flee_threshold=0.65 for batch_id=cmd_1775544033677
[2m2026-04-07T06:40:33.683496Z[0m [32m INFO[0m [bong][network][command_executor] npc_behavior updated runtime flee_threshold=0.65 for batch_id=cmd_1775544033677
[2m2026-04-07T06:40:33.683568Z[0m [32m INFO[0m [bong][network][command_executor] spawn_event thunder_tribulation recorded for target=spawn batch_id=cmd_1775544033677 duration_ticks=120 intensity=0.7
[2m2026-04-07T06:40:33.683657Z[0m [32m INFO[0m [bong][network][command_executor] npc_behavior updated runtime flee_threshold=0.65 for batch_id=cmd_1775544033677
[2m2026-04-07T06:40:39.839398Z[0m [33m WARN[0m [bong][redis] subscriber task ended, stopping bridge
