openjdk version "17.0.18" 2026-01-20
OpenJDK Runtime Environment (build 17.0.18+8-Ubuntu-124.04.1)
OpenJDK 64-Bit Server VM (build 17.0.18+8-Ubuntu-124.04.1, mixed mode, sharing)

> Configure project :
Fabric Loom: 1.6.12
Not publishing sources jar as it was not found. Use java.withSourcesJar() to fix.

> Task :compileJava UP-TO-DATE
> Task :processResources UP-TO-DATE
> Task :classes UP-TO-DATE
> Task :generateDLIConfig
> Task :generateLog4jConfig
> Task :generateRemapClasspath UP-TO-DATE
> Task :configureLaunch
> Task :downloadAssets UP-TO-DATE
> Task :configureClientLaunch

> Task :runClient
[13:23:01] [main/INFO] (FabricLoader/GameProvider) Loading Minecraft 1.20.1 with Fabric Loader 0.16.10
[13:23:01] [ForkJoinPool-1-worker-1/WARN] (FabricLoader/Metadata) Mod bong-client uses the version ${version} which isn't compatible with Loader's extended semantic version format (Could not parse version number component '${version}'!), SemVer is recommended for reliably evaluating dependencies and prioritizing newer version
[13:23:01] [main/INFO] (FabricLoader) Loading 60 mods:
	- bong-client ${version}
	- fabric-api 0.92.3+1.20.1
	- fabric-api-base 0.4.31+1802ada577
	- fabric-api-lookup-api-v1 1.6.36+1802ada577
	- fabric-biome-api-v1 13.0.13+1802ada577
	- fabric-block-api-v1 1.0.11+1802ada577
	- fabric-block-view-api-v2 1.0.1+1802ada577
	- fabric-blockrenderlayer-v1 1.1.41+1802ada577
	- fabric-client-tags-api-v1 1.1.2+1802ada577
	- fabric-command-api-v1 1.2.34+f71b366f77
	- fabric-command-api-v2 2.2.13+1802ada577
	- fabric-commands-v0 0.2.51+df3654b377
	- fabric-containers-v0 0.1.65+df3654b377
	- fabric-content-registries-v0 4.0.12+1802ada577
	- fabric-convention-tags-v1 1.5.5+1802ada577
	- fabric-crash-report-info-v1 0.2.19+1802ada577
	- fabric-data-attachment-api-v1 1.0.1+de0fd6d177
	- fabric-data-generation-api-v1 12.3.5+1802ada577
	- fabric-dimensions-v1 2.1.54+1802ada577
	- fabric-entity-events-v1 1.6.0+1c78457f77
	- fabric-events-interaction-v0 0.6.3+13a40c6677
	- fabric-events-lifecycle-v0 0.2.63+df3654b377
	- fabric-game-rule-api-v1 1.0.40+1802ada577
	- fabric-gametest-api-v1 1.2.14+1802ada577
	- fabric-item-api-v1 2.1.28+1802ada577
	- fabric-item-group-api-v1 4.0.13+1802ada577
	- fabric-key-binding-api-v1 1.0.37+1802ada577
	- fabric-keybindings-v0 0.2.35+df3654b377
	- fabric-lifecycle-events-v1 2.2.22+1802ada577
	- fabric-loot-api-v2 1.2.2+1802ada577
	- fabric-loot-tables-v1 1.1.46+9e7660c677
	- fabric-message-api-v1 5.1.9+1802ada577
	- fabric-mining-level-api-v1 2.1.51+1802ada577
	- fabric-model-loading-api-v1 1.0.3+1802ada577
	- fabric-models-v0 0.4.2+9386d8a777
	- fabric-networking-api-v1 1.3.12+13a40c6677
	- fabric-networking-v0 0.3.52+df3654b377
	- fabric-object-builder-api-v1 11.1.4+1802ada577
	- fabric-particles-v1 1.1.2+1802ada577
	- fabric-recipe-api-v1 1.0.22+1802ada577
	- fabric-registry-sync-v0 2.3.4+1802ada577
	- fabric-renderer-api-v1 3.2.1+1802ada577
	- fabric-renderer-indigo 1.5.2+85287f9f77
	- fabric-renderer-registries-v1 3.2.46+df3654b377
	- fabric-rendering-data-attachment-v1 0.3.37+92a0d36777
	- fabric-rendering-fluids-v1 3.0.28+1802ada577
	- fabric-rendering-v0 1.1.49+df3654b377
	- fabric-rendering-v1 3.0.8+1802ada577
	- fabric-resource-conditions-api-v1 2.3.8+1802ada577
	- fabric-resource-loader-v0 0.11.11+fb82e9d777
	- fabric-screen-api-v1 2.0.8+1802ada577
	- fabric-screen-handler-api-v1 1.3.31+1802ada577
	- fabric-sound-api-v1 1.0.13+1802ada577
	- fabric-transfer-api-v1 3.3.5+8dd72ea377
	- fabric-transitive-access-wideners-v1 4.3.1+1802ada577
	- fabricloader 0.16.10
	- java 17
	- minecraft 1.20.1
	- mixinextras 0.4.1
	- owo 0.11.2+1.20
[13:23:01] [main/INFO] (FabricLoader/Mixin) SpongePowered MIXIN Subsystem Version=0.8.7 Source=file:/root/.gradle/caches/modules-2/files-2.1/net.fabricmc/sponge-mixin/0.15.4+mixin.0.8.7/6a12aacc794f1078458433116e9ed42c1cc98096/sponge-mixin-0.15.4+mixin.0.8.7.jar Service=Knot/Fabric Env=CLIENT
[13:23:01] [main/INFO] (FabricLoader/Mixin) Loaded Fabric development mappings for mixin remapper!
[13:23:01] [main/INFO] (FabricLoader/Mixin) Compatibility level set to JAVA_16
[13:23:01] [main/INFO] (FabricLoader/Mixin) Compatibility level set to JAVA_17
[13:23:01] [main/WARN] (FabricLoader/Mixin) Error loading class: fr/catcore/server/translations/api/resource/language/SystemDelegatedLanguage (java.lang.ClassNotFoundException: fr/catcore/server/translations/api/resource/language/SystemDelegatedLanguage)
[13:23:02] [main/WARN] (FabricLoader/Mixin) Error loading class: org/jetbrains/annotations/ApiStatus$Internal (java.lang.ClassNotFoundException: org/jetbrains/annotations/ApiStatus$Internal)
[13:23:02] [main/INFO] (FabricLoader/MixinExtras|Service) Initializing MixinExtras via com.llamalad7.mixinextras.service.MixinExtrasServiceImpl(version=0.4.1).
[13:23:06] [Datafixer Bootstrap/INFO] (Minecraft) 188 Datafixer optimizations took 131 milliseconds
[13:23:07] [Render thread/WARN] (FabricLoader/Mixin) Error loading class: org/quiltmc/loader/impl/game/minecraft/Hooks (java.lang.ClassNotFoundException: org/quiltmc/loader/impl/game/minecraft/Hooks)
[13:23:07] [Render thread/INFO] (Minecraft) Environment: authHost='https://authserver.mojang.com', accountsHost='https://api.mojang.com', sessionHost='https://sessionserver.mojang.com', servicesHost='https://api.minecraftservices.com', name='PROD'
[13:23:08] [Render thread/INFO] (Minecraft) Setting user: Player930
[13:23:08] [Render thread/INFO] (owo) who invited dafuqs
[13:23:08] [Render thread/INFO] (Indigo) [Indigo] Registering Indigo renderer!
[13:23:08] [Render thread/INFO] (bong-client) Initializing Bong Client...
[13:23:08] [Render thread/INFO] (owo) Services frozen by 'net.minecraft.client.MinecraftClient'
[13:23:08] [Render thread/INFO] (Minecraft) Backend library: LWJGL version 3.3.1 SNAPSHOT
error: XDG_RUNTIME_DIR is invalid or not set in the environment.
---- Minecraft Crash Report ----
// Would you like a cupcake?

Time: 2026-04-07 13:23:08
Description: Initializing game

java.lang.IllegalStateException: Failed to initialize GLFW, errors: GLFW error during init: [0x1000E]140121947388928
	at knot//com.mojang.blaze3d.platform.GLX._initGlfw(GLX.java:75)
	at knot//com.mojang.blaze3d.systems.RenderSystem.initBackendSystem(RenderSystem.java:847)
	at knot//net.minecraft.client.MinecraftClient.<init>(MinecraftClient.java:483)
	at knot//net.minecraft.client.main.Main.main(Main.java:211)
	at net.fabricmc.loader.impl.game.minecraft.MinecraftGameProvider.launch(MinecraftGameProvider.java:480)
	at net.fabricmc.loader.impl.launch.knot.Knot.launch(Knot.java:74)
	at net.fabricmc.loader.impl.launch.knot.KnotClient.main(KnotClient.java:23)
	at net.fabricmc.devlaunchinjector.Main.main(Main.java:86)


A detailed walkthrough of the error, its code path and all known details is as follows:
---------------------------------------------------------------------------------------

-- Head --
Thread: Render thread
Stacktrace:
	at knot//com.mojang.blaze3d.platform.GLX._initGlfw(GLX.java:75)
	at knot//com.mojang.blaze3d.systems.RenderSystem.initBackendSystem(RenderSystem.java:847)
	at knot//net.minecraft.client.MinecraftClient.<init>(MinecraftClient.java:483)

-- Initialization --
Details:
	Modules: 
Stacktrace:
	at knot//net.minecraft.client.main.Main.main(Main.java:211)
	at net.fabricmc.loader.impl.game.minecraft.MinecraftGameProvider.launch(MinecraftGameProvider.java:480)
	at net.fabricmc.loader.impl.launch.knot.Knot.launch(Knot.java:74)
	at net.fabricmc.loader.impl.launch.knot.KnotClient.main(KnotClient.java:23)
	at net.fabricmc.devlaunchinjector.Main.main(Main.java:86)

-- System Details --
Details:
	Minecraft Version: 1.20.1
	Minecraft Version ID: 1.20.1
	Operating System: Linux (amd64) version 6.12.73+deb13-amd64
	Java Version: 17.0.18, Ubuntu
	Java VM Version: OpenJDK 64-Bit Server VM (mixed mode, sharing), Ubuntu
	Memory: 382688680 bytes (364 MiB) / 595591168 bytes (568 MiB) up to 10477371392 bytes (9992 MiB)
	CPUs: 16
	Processor Vendor: GenuineIntel
	Processor Name: Intel(R) Core(TM) i7-10875H CPU @ 2.30GHz
	Identifier: Intel64 Family 6 Model 165 Stepping 2
	Microarchitecture: unknown
	Frequency (GHz): 2.30
	Number of physical packages: 1
	Number of physical CPUs: 8
	Number of logical CPUs: 16
	Graphics card #0 name: unknown
	Graphics card #0 vendor: unknown
	Graphics card #0 VRAM (MB): 0.00
	Graphics card #0 deviceId: unknown
	Graphics card #0 versionInfo: unknown
	Virtual memory max (MB): 45156.58
	Virtual memory used (MB): 14105.66
	Swap memory total (MB): 25183.00
	Swap memory used (MB): 908.66
	JVM Flags: 0 total; 
	Fabric Mods: 
		bong-client: Bong Client ${version}
		fabric-api: Fabric API 0.92.3+1.20.1
		fabric-api-base: Fabric API Base 0.4.31+1802ada577
		fabric-api-lookup-api-v1: Fabric API Lookup API (v1) 1.6.36+1802ada577
		fabric-biome-api-v1: Fabric Biome API (v1) 13.0.13+1802ada577
		fabric-block-api-v1: Fabric Block API (v1) 1.0.11+1802ada577
		fabric-block-view-api-v2: Fabric BlockView API (v2) 1.0.1+1802ada577
		fabric-blockrenderlayer-v1: Fabric BlockRenderLayer Registration (v1) 1.1.41+1802ada577
		fabric-client-tags-api-v1: Fabric Client Tags 1.1.2+1802ada577
		fabric-command-api-v1: Fabric Command API (v1) 1.2.34+f71b366f77
		fabric-command-api-v2: Fabric Command API (v2) 2.2.13+1802ada577
		fabric-commands-v0: Fabric Commands (v0) 0.2.51+df3654b377
		fabric-containers-v0: Fabric Containers (v0) 0.1.65+df3654b377
		fabric-content-registries-v0: Fabric Content Registries (v0) 4.0.12+1802ada577
		fabric-convention-tags-v1: Fabric Convention Tags 1.5.5+1802ada577
		fabric-crash-report-info-v1: Fabric Crash Report Info (v1) 0.2.19+1802ada577
		fabric-data-attachment-api-v1: Fabric Data Attachment API (v1) 1.0.1+de0fd6d177
		fabric-data-generation-api-v1: Fabric Data Generation API (v1) 12.3.5+1802ada577
		fabric-dimensions-v1: Fabric Dimensions API (v1) 2.1.54+1802ada577
		fabric-entity-events-v1: Fabric Entity Events (v1) 1.6.0+1c78457f77
		fabric-events-interaction-v0: Fabric Events Interaction (v0) 0.6.3+13a40c6677
		fabric-events-lifecycle-v0: Fabric Events Lifecycle (v0) 0.2.63+df3654b377
		fabric-game-rule-api-v1: Fabric Game Rule API (v1) 1.0.40+1802ada577
		fabric-gametest-api-v1: Fabric Game Test API (v1) 1.2.14+1802ada577
		fabric-item-api-v1: Fabric Item API (v1) 2.1.28+1802ada577
		fabric-item-group-api-v1: Fabric Item Group API (v1) 4.0.13+1802ada577
		fabric-key-binding-api-v1: Fabric Key Binding API (v1) 1.0.37+1802ada577
		fabric-keybindings-v0: Fabric Key Bindings (v0) 0.2.35+df3654b377
		fabric-lifecycle-events-v1: Fabric Lifecycle Events (v1) 2.2.22+1802ada577
		fabric-loot-api-v2: Fabric Loot API (v2) 1.2.2+1802ada577
		fabric-loot-tables-v1: Fabric Loot Tables (v1) 1.1.46+9e7660c677
		fabric-message-api-v1: Fabric Message API (v1) 5.1.9+1802ada577
		fabric-mining-level-api-v1: Fabric Mining Level API (v1) 2.1.51+1802ada577
		fabric-model-loading-api-v1: Fabric Model Loading API (v1) 1.0.3+1802ada577
		fabric-models-v0: Fabric Models (v0) 0.4.2+9386d8a777
		fabric-networking-api-v1: Fabric Networking API (v1) 1.3.12+13a40c6677
		fabric-networking-v0: Fabric Networking (v0) 0.3.52+df3654b377
		fabric-object-builder-api-v1: Fabric Object Builder API (v1) 11.1.4+1802ada577
		fabric-particles-v1: Fabric Particles (v1) 1.1.2+1802ada577
		fabric-recipe-api-v1: Fabric Recipe API (v1) 1.0.22+1802ada577
		fabric-registry-sync-v0: Fabric Registry Sync (v0) 2.3.4+1802ada577
		fabric-renderer-api-v1: Fabric Renderer API (v1) 3.2.1+1802ada577
		fabric-renderer-indigo: Fabric Renderer - Indigo 1.5.2+85287f9f77
		fabric-renderer-registries-v1: Fabric Renderer Registries (v1) 3.2.46+df3654b377
		fabric-rendering-data-attachment-v1: Fabric Rendering Data Attachment (v1) 0.3.37+92a0d36777
		fabric-rendering-fluids-v1: Fabric Rendering Fluids (v1) 3.0.28+1802ada577
		fabric-rendering-v0: Fabric Rendering (v0) 1.1.49+df3654b377
		fabric-rendering-v1: Fabric Rendering (v1) 3.0.8+1802ada577
		fabric-resource-conditions-api-v1: Fabric Resource Conditions API (v1) 2.3.8+1802ada577
		fabric-resource-loader-v0: Fabric Resource Loader (v0) 0.11.11+fb82e9d777
		fabric-screen-api-v1: Fabric Screen API (v1) 2.0.8+1802ada577
		fabric-screen-handler-api-v1: Fabric Screen Handler API (v1) 1.3.31+1802ada577
		fabric-sound-api-v1: Fabric Sound API (v1) 1.0.13+1802ada577
		fabric-transfer-api-v1: Fabric Transfer API (v1) 3.3.5+8dd72ea377
		fabric-transitive-access-wideners-v1: Fabric Transitive Access Wideners (v1) 4.3.1+1802ada577
		fabricloader: Fabric Loader 0.16.10
		java: OpenJDK 64-Bit Server VM 17
		minecraft: Minecraft 1.20.1
		mixinextras: MixinExtras 0.4.1
		owo: o??o 0.11.2+1.20
	Launched Version: Fabric
	Backend library: LWJGL version 3.3.1 SNAPSHOT
	Backend API: Unknown
	Window size: <not initialized>
	GL Caps: Using framebuffer using OpenGL 3.2
	GL debug messages: <disabled>
	Using VBOs: Yes
	Is Modded: Definitely; Client brand changed to 'fabric'
	Type: Client (map_client.txt)
	CPU: <unknown>
#@!@# Game crashed! Crash report saved to: #@!@# /workspace/worktrees/tiandao-fullstack-closure/client/run/crash-reports/crash-2026-04-07_13.23.08-client.txt

> Task :runClient FAILED

FAILURE: Build failed with an exception.

* What went wrong:
Execution failed for task ':runClient'.
> Process 'command '/usr/lib/jvm/java-17-openjdk-amd64/bin/java'' finished with non-zero exit value 255

* Try:
> Run with --stacktrace option to get the stack trace.
> Run with --info or --debug option to get more log output.
> Run with --scan to get full insights.
> Get more help at https://help.gradle.org.

Deprecated Gradle features were used in this build, making it incompatible with Gradle 9.0.

You can use '--warning-mode all' to show the individual deprecation warnings and determine if they come from your own scripts or plugins.

For more on this, please refer to https://docs.gradle.org/8.10.2/userguide/command_line_interface.html#sec:command_line_warnings in the Gradle documentation.

BUILD FAILED in 9s
7 actionable tasks: 3 executed, 4 up-to-date
