Task 12 verification evidence

Worktree: /workspace/worktrees/tiandao-fullstack-closure
Date: 2026-04-07

Verified commands
1. cd server && cargo test network::command_executor:: -- --nocapture
   Result: PASS
   Covered tests:
   - modify_zone_applies_and_clamps_values
   - invalid_zone_target_is_skipped
   - npc_behavior_updates_runtime_flee_threshold
   - thunder_tribulation_event_is_recorded
   - execute_system_respects_fixed_command_cap
   - validate_and_enqueue_skips_invalid_commands
   - invalid_modify_zone_params_are_skipped_without_panicking

2. cd server && cargo test
   Result: PASS
   Summary:
   - 43 passed, 0 failed
   - network::command_executor::* all passed
   - network::tests::world_state_zone_data_comes_from_registry passed
   - process_redis_inbound path reads RedisInbound::AgentCommand and calls validate_and_enqueue_agent_command_batch(...)

3. cd server && timeout 15s cargo run
   Result: PASS (startup smoke)
   Relevant output markers:
   - [bong][world] registering world setup system
   - [bong][npc] registering brain systems
   - [bong][world] selected bootstrap mode: FallbackFlat ...
   - [bong][world] creating overworld test area (16x16 chunks)
   - process stayed alive until timeout window without command-executor startup crash

Accepted Task 12 scope
- CommandExecutorResource queue exists
- process_redis_inbound enqueues validated command batches instead of only logging
- execute_agent_commands runs in Update and consumes a fixed command budget
- M1 supports modify_zone, spawn_event(thunder_tribulation), npc_behavior.flee_threshold
- invalid command targets/params are warning+skip, not panic
