
> @bong/tiandao@0.1.0 test
> vitest run era key-player


[1m[46m RUN [49m[22m [36mv3.2.4 [39m[90m/workspace/worktrees/tiandao-fullstack-closure/agent/packages/tiandao[39m

[90mstdout[2m | tests/era-key-player.test.ts[2m > [22m[2mera + key-player focused coverage[2m > [22m[2mupdates retained currentEra from era agent output deterministically
[22m[39m[tiandao] === tick start ===
[tiandao] tick: 84000, players: 3, zones: 3
[tiandao][calamity] thinking...
[tiandao][mutation] thinking...
[tiandao][era] thinking...
[tiandao][calamity] response:
{"commands":[],"narrations":[{"scope":"broadcast","text":"天道昭告：灵潮纪已至，诸域灵机渐盛。","style":"era_decree"}],"reasoning":"Era declaration for deterministic test"}

[tiandao][mutation] response:
{"commands":[],"narrations":[{"scope":"broadcast","text":"天道昭告：灵潮纪已至，诸域灵机渐盛。","style":"era_decree"}],"reasoning":"Era declaration for deterministic test"}

[tiandao][era] response:
{"commands":[],"narrations":[{"scope":"broadcast","text":"天道昭告：灵潮纪已至，诸域灵机渐盛。","style":"era_decree"}],"reasoning":"Era declaration for deterministic test"}


[90mstdout[2m | tests/era-key-player.test.ts[2m > [22m[2mera + key-player focused coverage[2m > [22m[2mupdates retained currentEra from era agent output deterministically
[22m[39m[tiandao][calamity] commands: 0, narrations: 1
[tiandao][calamity] reasoning: Era declaration for deterministic test
[tiandao][mutation] commands: 0, narrations: 1
[tiandao][mutation] reasoning: Era declaration for deterministic test
[tiandao][era] commands: 0, narrations: 1
[tiandao][era] reasoning: Era declaration for deterministic test
[tiandao][era] current era updated { name: [32m'灵潮纪'[39m, sinceTick: [33m84000[39m, globalEffect: [32m'天道昭告 灵潮纪已至，诸域灵机渐盛。'[39m }
[tiandao][arbiter] merged commands: 0, narrations: 3
[tiandao][tick-metrics] {
  duration_ms: [33m3[39m,
  command_count: [33m0[39m,
  narration_count: [33m3[39m,
  chat_signal_count: [33m0[39m,
  skipped: [33mfalse[39m,
  skipped_by_backoff: [33m0[39m
}
[tiandao] === tick end === commands: 0, narrations: 3


 [32m✓[39m tests/era-key-player.test.ts [2m([22m[2m3 tests[22m[2m)[22m[32m 8[2mms[22m[39m

[2m Test Files [22m [1m[32m1 passed[39m[22m[90m (1)[39m
[2m      Tests [22m [1m[32m3 passed[39m[22m[90m (3)[39m
[2m   Start at [22m 17:53:56
[2m   Duration [22m 810ms[2m (transform 131ms, setup 0ms, collect 253ms, tests 8ms, environment 0ms, prepare 112ms)[22m

