$ cargo test schema::server_data
    Finished `test` profile [unoptimized + debuginfo] target(s) in 0.14s
     Running unittests src/main.rs (target/debug/deps/bong_server-7acc5c9ba6ee5990)

running 2 tests
test schema::server_data::tests::cultivation_detail_roundtrip_and_size_budget ... ok
test schema::server_data::tests::deserialize_server_data_samples ... ok

test result: ok. 2 passed; 0 failed; 0 ignored; 0 measured; 241 filtered out; finished in 0.00s


[exit_code]=0

$ cargo test world::zone
    Finished `test` profile [unoptimized + debuginfo] target(s) in 0.14s
     Running unittests src/main.rs (target/debug/deps/bong_server-7acc5c9ba6ee5990)

running 4 tests
test world::zone::zone_tests::accepts_zone_spirit_qi_at_full_negative_bound ... ok
test world::zone::zone_tests::accepts_zone_spirit_qi_at_positive_bound ... ok
test world::zone::zone_tests::rejects_zone_spirit_qi_below_negative_bound ... ok
test world::zone::zone_tests::loads_zones_json_with_fallback ... ok

test result: ok. 4 passed; 0 failed; 0 ignored; 0 measured; 239 filtered out; finished in 0.00s


[exit_code]=0

$ cargo test network::command_executor
    Finished `test` profile [unoptimized + debuginfo] target(s) in 0.14s
     Running unittests src/main.rs (target/debug/deps/bong_server-7acc5c9ba6ee5990)

running 6 tests
test network::command_executor::command_executor_tests::duplicate_batch_id_is_dropped_before_queueing ... ok
test network::command_executor::command_executor_tests::rejects_unknown_targets ... ok
test network::command_executor::command_executor_tests::caps_commands_per_tick ... ok
test network::command_executor::command_executor_tests::updates_flee_threshold_only_for_generation_aware_canonical_target ... ok
test network::command_executor::command_executor_tests::modify_zone_preserves_negative_one_without_clamping_back_to_zero ... ok
test network::command_executor::command_executor_tests::clamps_modify_zone_to_negative_and_positive_bounds ... ok

test result: ok. 6 passed; 0 failed; 0 ignored; 0 measured; 237 filtered out; finished in 0.00s


[exit_code]=0

$ cargo test cultivation::negative_zone
    Finished `test` profile [unoptimized + debuginfo] target(s) in 0.14s
     Running unittests src/main.rs (target/debug/deps/bong_server-7acc5c9ba6ee5990)

running 2 tests
test cultivation::negative_zone::tests::positive_zone_no_siphon ... ok
test cultivation::negative_zone::tests::negative_zone_siphon_scales_with_qi_max ... ok

test result: ok. 2 passed; 0 failed; 0 ignored; 0 measured; 241 filtered out; finished in 0.00s


[exit_code]=0

