    Blocking waiting for file lock on package cache
    Blocking waiting for file lock on package cache
    Blocking waiting for file lock on package cache
    Blocking waiting for file lock on artifact directory
    Finished `dev` profile [unoptimized + debuginfo] target(s) in 0.28s
     Running `target/debug/bong-server`
[2m2026-04-07T10:57:37.485235Z[0m [32m INFO[0m [bong][bridge] tokio runtime started
[2m2026-04-07T10:57:37.838729Z[0m [32m INFO[0m [bong][world] registering world setup system
[2m2026-04-07T10:57:37.838846Z[0m [32m INFO[0m [bong][player] registering player init/cleanup systems
[2m2026-04-07T10:57:37.838889Z[0m [32m INFO[0m [bong][npc] registering spawn/sync/brain systems
[2m2026-04-07T10:57:37.838901Z[0m [32m INFO[0m [bong][npc] registering startup spawn systems
[2m2026-04-07T10:57:37.838950Z[0m [32m INFO[0m [bong][npc] registering sync system
[2m2026-04-07T10:57:37.838978Z[0m [32m INFO[0m [bong][npc] registering brain systems
[2m2026-04-07T10:57:37.840565Z[0m [32m INFO[0m [bong][redis] connecting to redis://127.0.0.1:6379
[2m2026-04-07T10:57:37.841399Z[0m [32m INFO[0m [bong][redis] subscribed to bong:agent_command and bong:agent_narrate
[2m2026-04-07T10:57:37.843612Z[0m [33m WARN[0m [bong][world] fallback bootstrap: using FallbackFlat because world path missing or not a directory (preferred: AnvilIfPresent, world_path: world, region_dir: world/region)
[2m2026-04-07T10:57:37.843638Z[0m [32m INFO[0m [bong][world] selected bootstrap mode: FallbackFlat (preferred: AnvilIfPresent, world_path: world, region_dir: world/region, reason: world path missing or not a directory)
[2m2026-04-07T10:57:37.843649Z[0m [32m INFO[0m [bong][world] creating overworld test area (16x16 chunks)
[2m2026-04-07T10:57:37.886676Z[0m [32m INFO[0m [bong][npc] spawned zombie npc entity Entity { index: 1, generation: 1 } at [14, 66, 14]
[2m2026-04-07T10:57:37.886956Z[0m [32m INFO[0m [bong][npc] startup marker count with NpcMarker: 1
