$ npm test

> @bong/schema@0.1.0 test
> vitest run


[1m[46m RUN [49m[22m [36mv3.2.4 [39m[90m/workspace/worktrees/Bong-combat-no-ui-c1-c3/agent/packages/schema[39m

 [32m✓[39m tests/client-payload.test.ts [2m([22m[2m16 tests[22m[2m)[22m[32m 8[2mms[22m[39m
 [32m✓[39m tests/generated-artifacts.test.ts [2m([22m[2m4 tests[22m[2m)[22m[32m 16[2mms[22m[39m
 [32m✓[39m tests/schema.test.ts [2m([22m[2m45 tests[22m[2m)[22m[32m 16[2mms[22m[39m

[2m Test Files [22m [1m[32m3 passed[39m[22m[90m (3)[39m
[2m      Tests [22m [1m[32m65 passed[39m[22m[90m (65)[39m
[2m   Start at [22m 13:58:22
[2m   Duration [22m 427ms[2m (transform 195ms, setup 0ms, collect 532ms, tests 40ms, environment 1ms, prepare 244ms)[22m


[exit_code]=0

$ npm run generate

> @bong/schema@0.1.0 generate
> tsx src/generate.ts

wrote /workspace/worktrees/Bong-combat-no-ui-c1-c3/agent/packages/schema/generated/world-state-v1.json
wrote /workspace/worktrees/Bong-combat-no-ui-c1-c3/agent/packages/schema/generated/agent-command-v1.json
wrote /workspace/worktrees/Bong-combat-no-ui-c1-c3/agent/packages/schema/generated/narration-v1.json
wrote /workspace/worktrees/Bong-combat-no-ui-c1-c3/agent/packages/schema/generated/chat-message-v1.json
wrote /workspace/worktrees/Bong-combat-no-ui-c1-c3/agent/packages/schema/generated/chat-signal.json
wrote /workspace/worktrees/Bong-combat-no-ui-c1-c3/agent/packages/schema/generated/server-data-v1.json
wrote /workspace/worktrees/Bong-combat-no-ui-c1-c3/agent/packages/schema/generated/client-payload-v1.json
wrote /workspace/worktrees/Bong-combat-no-ui-c1-c3/agent/packages/schema/generated/client-payload-welcome-v1.json
wrote /workspace/worktrees/Bong-combat-no-ui-c1-c3/agent/packages/schema/generated/client-payload-heartbeat-v1.json
wrote /workspace/worktrees/Bong-combat-no-ui-c1-c3/agent/packages/schema/generated/client-payload-narration-v1.json
wrote /workspace/worktrees/Bong-combat-no-ui-c1-c3/agent/packages/schema/generated/client-payload-zone-info-v1.json
wrote /workspace/worktrees/Bong-combat-no-ui-c1-c3/agent/packages/schema/generated/client-payload-event-alert-v1.json
wrote /workspace/worktrees/Bong-combat-no-ui-c1-c3/agent/packages/schema/generated/client-payload-player-state-v1.json
wrote /workspace/worktrees/Bong-combat-no-ui-c1-c3/agent/packages/schema/generated/insight-request-v1.json
wrote /workspace/worktrees/Bong-combat-no-ui-c1-c3/agent/packages/schema/generated/insight-offer-v1.json
wrote /workspace/worktrees/Bong-combat-no-ui-c1-c3/agent/packages/schema/generated/breakthrough-event-v1.json
wrote /workspace/worktrees/Bong-combat-no-ui-c1-c3/agent/packages/schema/generated/forge-event-v1.json
wrote /workspace/worktrees/Bong-combat-no-ui-c1-c3/agent/packages/schema/generated/biography-entry-v1.json
wrote /workspace/worktrees/Bong-combat-no-ui-c1-c3/agent/packages/schema/generated/cultivation-death-v1.json
wrote /workspace/worktrees/Bong-combat-no-ui-c1-c3/agent/packages/schema/generated/client-request-v1.json
wrote /workspace/worktrees/Bong-combat-no-ui-c1-c3/agent/packages/schema/generated/client-request-set-meridian-target-v1.json
wrote /workspace/worktrees/Bong-combat-no-ui-c1-c3/agent/packages/schema/generated/client-request-breakthrough-v1.json
wrote /workspace/worktrees/Bong-combat-no-ui-c1-c3/agent/packages/schema/generated/client-request-forge-v1.json
wrote /workspace/worktrees/Bong-combat-no-ui-c1-c3/agent/packages/schema/generated/client-request-insight-decision-v1.json

24 schemas exported to /workspace/worktrees/Bong-combat-no-ui-c1-c3/agent/packages/schema/generated

[exit_code]=0

$ git diff --exit-code -- generated

[exit_code]=0

