
=== [Task-26][0/7] Worktree context ===
[context] root=/workspace/worktrees/server-law-engine-cross-layer

=== [Task-26][1/7] Redis environment (existing service, no Docker) ===
[redis] ping(redis://127.0.0.1:6379) => PONG

=== [Task-26][2/7] Contract anchors ===
[contract] @bong/schema and bong:server_data anchors verified

=== [Task-26][3/7] Schema smoke (@bong/schema source-of-truth) ===
[run][schema] npm run build

> @bong/schema@0.1.0 build
> tsc

[run][schema] npm test -- tests/schema.test.ts

> @bong/schema@0.1.0 test
> vitest run tests/schema.test.ts


[1m[46m RUN [49m[22m [36mv3.2.4 [39m[90m/workspace/worktrees/server-law-engine-cross-layer/agent/packages/schema[39m

 [32mâś“[39m tests/schema.test.ts [2m([22m[2m35 tests[22m[2m)[22m[32m 11[2mms[22m[39m

[2m Test Files [22m [1m[32m1 passed[39m[22m[90m (1)[39m
[2m      Tests [22m [1m[32m35 passed[39m[22m[90m (35)[39m
[2m   Start at [22m 15:54:39
[2m   Duration [22m 384ms[2m (transform 86ms, setup 0ms, collect 130ms, tests 11ms, environment 0ms, prepare 81ms)[22m


=== [Task-26][4/7] Tiandao smoke (world_state ingest + command/narration publish path) ===
[run][tiandao] npm run test -- runtime redis-ipc main-loop

> @bong/tiandao@0.1.0 test
> tsc -p tsconfig.test.json --noEmit && vitest run runtime redis-ipc main-loop


[1m[46m RUN [49m[22m [36mv3.2.4 [39m[90m/workspace/worktrees/server-law-engine-cross-layer/agent/packages/tiandao[39m

[90mstdout[2m | tests/redis-ipc.test.ts[2m > [22m[2mredis-ipc[2m > [22m[2mdrains player chat via atomic LRANGE/LTRIM window
[22m[39m[redis-ipc] subscribed to bong:world_state

[90mstdout[2m | tests/redis-ipc.test.ts[2m > [22m[2mredis-ipc[2m > [22m[2mdoes not lose concurrent writes happening during drain transaction
[22m[39m[redis-ipc] subscribed to bong:world_state

[90mstdout[2m | tests/redis-ipc.test.ts[2m > [22m[2mredis-ipc[2m > [22m[2mupdates latest state from world_state channel
[22m[39m[redis-ipc] subscribed to bong:world_state

 [32mâś“[39m tests/redis-ipc.test.ts [2m([22m[2m3 tests[22m[2m)[22m[32m 8[2mms[22m[39m
 [32mâś“[39m tests/main-loop.test.ts [2m([22m[2m4 tests[22m[2m)[22m[32m 10[2mms[22m[39m
 [32mâś“[39m tests/runtime.test.ts [2m([22m[2m12 tests[22m[2m)[22m[32m 14[2mms[22m[39m

[2m Test Files [22m [1m[32m3 passed[39m[22m[90m (3)[39m
[2m      Tests [22m [1m[32m19 passed[39m[22m[90m (19)[39m
[2m   Start at [22m 15:54:41
[2m   Duration [22m 587ms[2m (transform 176ms, setup 0ms, collect 761ms, tests 31ms, environment 1ms, prepare 328ms)[22m


=== [Task-26][5/7] Server smoke (world_state + command executor + scoped narration) ===
[run][server] cargo test world_state_tests::uses_real_player_names_and_positions
    Finished `test` profile [unoptimized + debuginfo] target(s) in 0.16s
     Running unittests src/main.rs (target/debug/deps/bong_server-6c0041934713f9ac)

running 1 test
test network::tests::world_state_tests::uses_real_player_names_and_positions ... ok

test result: ok. 1 passed; 0 failed; 0 ignored; 0 measured; 67 filtered out; finished in 0.00s

[run][server] cargo test command_executor_tests::applies_modify_zone
    Finished `test` profile [unoptimized + debuginfo] target(s) in 0.14s
     Running unittests src/main.rs (target/debug/deps/bong_server-6c0041934713f9ac)

running 1 test
test network::command_executor::command_executor_tests::applies_modify_zone ... ok

test result: ok. 1 passed; 0 failed; 0 ignored; 0 measured; 67 filtered out; finished in 0.00s

[run][server] cargo test narration_tests::player_scope_matches_username_and_offline_id
    Finished `test` profile [unoptimized + debuginfo] target(s) in 0.14s
     Running unittests src/main.rs (target/debug/deps/bong_server-6c0041934713f9ac)

running 1 test
test network::tests::narration_tests::player_scope_matches_username_and_offline_id ... ok

test result: ok. 1 passed; 0 failed; 0 ignored; 0 measured; 67 filtered out; finished in 0.00s


=== [Task-26][6/7] Client smoke (typed payload parsing) ===
[run][client] ./gradlew test --tests *BongNetworkHandlerTest --tests *NarrationPayloadParserTest
openjdk version "17.0.18" 2026-01-20
OpenJDK Runtime Environment (build 17.0.18+8-Ubuntu-124.04.1)
OpenJDK 64-Bit Server VM (build 17.0.18+8-Ubuntu-124.04.1, mixed mode, sharing)

> Configure project :
Fabric Loom: 1.6.12
Not publishing sources jar as it was not found. Use java.withSourcesJar() to fix.

> Task :compileJava UP-TO-DATE
> Task :processResources UP-TO-DATE
> Task :classes UP-TO-DATE
> Task :compileTestJava UP-TO-DATE
> Task :processTestResources NO-SOURCE
> Task :testClasses UP-TO-DATE
> Task :test

Deprecated Gradle features were used in this build, making it incompatible with Gradle 9.0.

You can use '--warning-mode all' to show the individual deprecation warnings and determine if they come from your own scripts or plugins.

For more on this, please refer to https://docs.gradle.org/8.10.2/userguide/command_line_interface.html#sec:command_line_warnings in the Gradle documentation.

BUILD SUCCESSFUL in 1s
4 actionable tasks: 1 executed, 3 up-to-date

=== [Task-26][7/7] Cross-layer closure proof ===
[closure] world_state publication -> server world_state_tests::uses_real_player_names_and_positions
[closure] agent command/narration path -> tiandao runtime + redis-ipc + main-loop tests
[closure] server execution path -> command_executor_tests::applies_modify_zone + narration_tests::player_scope_matches_username_and_offline_id
[closure] client payload parsing -> BongNetworkHandlerTest + NarrationPayloadParserTest
[Task-26] smoke harness PASS
===== [Task-26] run start: 2026-04-07T08:03:29Z =====

=== [Task-26][0/10] Worktree context ===
[context] root=/workspace/worktrees/server-law-engine-cross-layer

=== [Task-26][1/10] Redis environment (existing service, no Docker) ===
[redis] ping(redis://127.0.0.1:6399) => Could not connect to Redis at 127.0.0.1:6399: Connection refused
[evidence] manifest written: /workspace/worktrees/server-law-engine-cross-layer/.sisyphus/evidence/task-26-smoke-manifest.txt
[evidence] files:
  - /workspace/worktrees/server-law-engine-cross-layer/.sisyphus/evidence/task-26-smoke.log
  - /workspace/worktrees/server-law-engine-cross-layer/.sisyphus/evidence/task-26-smoke-error.txt
  - /workspace/worktrees/server-law-engine-cross-layer/.sisyphus/evidence/task-26-smoke-success.txt
  - /workspace/worktrees/server-law-engine-cross-layer/.sisyphus/evidence/task-26-smoke-manifest.txt
  - /workspace/worktrees/server-law-engine-cross-layer/.sisyphus/evidence/task-26-server-start.log
  - /workspace/worktrees/server-law-engine-cross-layer/.sisyphus/evidence/task-26-tiandao-start.log
[Task-26][FAIL][redis] cannot reach Redis at redis://127.0.0.1:6399; expected PONG
===== [Task-26] run start: 2026-04-07T08:03:41Z =====

=== [Task-26][0/10] Worktree context ===
[context] root=/workspace/worktrees/server-law-engine-cross-layer

=== [Task-26][1/10] Redis environment (existing service, no Docker) ===
[redis] ping(redis://127.0.0.1:6379) => PONG

=== [Task-26][2/10] Contract anchors ===
[contract] @bong/schema and bong:server_data anchors verified

=== [Task-26][3/10] Schema smoke (@bong/schema source-of-truth) ===
[run][schema] npm run build

> @bong/schema@0.1.0 build
> tsc

[run][schema] npm test -- tests/schema.test.ts

> @bong/schema@0.1.0 test
> vitest run tests/schema.test.ts


 RUN  v3.2.4 /workspace/worktrees/server-law-engine-cross-layer/agent/packages/schema

 âś“ tests/schema.test.ts (35 tests) 10ms

 Test Files  1 passed (1)
      Tests  35 passed (35)
   Start at  16:03:42
   Duration  379ms (transform 82ms, setup 0ms, collect 131ms, tests 10ms, environment 0ms, prepare 80ms)


=== [Task-26][4/10] Server entrypoint startup ===
[run][server-start] cargo build
   Compiling bong-server v0.1.0 (/workspace/worktrees/server-law-engine-cross-layer/server)
    Finished `dev` profile [unoptimized + debuginfo] target(s) in 1.51s
[run][server-start] timeout 20s cargo run
[server-start] exit=124, log=/workspace/worktrees/server-law-engine-cross-layer/.sisyphus/evidence/task-26-server-start.log
[anchor][server-start] bridge runtime started
[anchor][server-start] world creation
[anchor][server-start] player systems registered
[anchor][server-start] redis bridge connection

=== [Task-26][5/10] Tiandao entrypoint startup ===
[run][tiandao-start] npm run build

> @bong/tiandao@0.1.0 build
> tsc

[run][tiandao-start] timeout 40s npm run start:mock
[tiandao-start] exit=0, log=/workspace/worktrees/server-law-engine-cross-layer/.sisyphus/evidence/task-26-tiandao-start.log
[anchor][tiandao-start] mock mode selected
[anchor][tiandao-start] tick start
[anchor][tiandao-start] tick end

=== [Task-26][6/10] Tiandao smoke tests (world_state -> command/narration path) ===
[run][tiandao] npm run test -- runtime redis-ipc main-loop

> @bong/tiandao@0.1.0 test
> tsc -p tsconfig.test.json --noEmit && vitest run runtime redis-ipc main-loop


 RUN  v3.2.4 /workspace/worktrees/server-law-engine-cross-layer/agent/packages/tiandao

stdout | tests/redis-ipc.test.ts > redis-ipc > drains player chat via atomic LRANGE/LTRIM window
[redis-ipc] subscribed to bong:world_state

stdout | tests/redis-ipc.test.ts > redis-ipc > does not lose concurrent writes happening during drain transaction
[redis-ipc] subscribed to bong:world_state

stdout | tests/redis-ipc.test.ts > redis-ipc > updates latest state from world_state channel
[redis-ipc] subscribed to bong:world_state

 âś“ tests/redis-ipc.test.ts (3 tests) 8ms
 âś“ tests/main-loop.test.ts (4 tests) 10ms
 âś“ tests/runtime.test.ts (12 tests) 13ms

 Test Files  3 passed (3)
      Tests  19 passed (19)
   Start at  16:04:08
   Duration  581ms (transform 233ms, setup 0ms, collect 760ms, tests 30ms, environment 1ms, prepare 297ms)


=== [Task-26][7/10] Server smoke tests (world_state + command executor + scoped narration) ===
[run][server] cargo test world_state_tests::uses_real_player_names_and_positions
    Finished `test` profile [unoptimized + debuginfo] target(s) in 0.18s
     Running unittests src/main.rs (target/debug/deps/bong_server-6c0041934713f9ac)

running 1 test
test network::tests::world_state_tests::uses_real_player_names_and_positions ... ok

test result: ok. 1 passed; 0 failed; 0 ignored; 0 measured; 67 filtered out; finished in 0.00s

[run][server] cargo test command_executor_tests::applies_modify_zone
    Finished `test` profile [unoptimized + debuginfo] target(s) in 0.16s
     Running unittests src/main.rs (target/debug/deps/bong_server-6c0041934713f9ac)

running 1 test
test network::command_executor::command_executor_tests::applies_modify_zone ... ok

test result: ok. 1 passed; 0 failed; 0 ignored; 0 measured; 67 filtered out; finished in 0.00s

[run][server] cargo test narration_tests::player_scope_matches_username_and_offline_id
    Finished `test` profile [unoptimized + debuginfo] target(s) in 0.16s
     Running unittests src/main.rs (target/debug/deps/bong_server-6c0041934713f9ac)

running 1 test
test network::tests::narration_tests::player_scope_matches_username_and_offline_id ... ok

test result: ok. 1 passed; 0 failed; 0 ignored; 0 measured; 67 filtered out; finished in 0.00s


=== [Task-26][8/10] Client smoke tests (typed payload parsing) ===
[run][client] ./gradlew test --tests *BongNetworkHandlerTest --tests *NarrationPayloadParserTest
openjdk version "17.0.18" 2026-01-20
OpenJDK Runtime Environment (build 17.0.18+8-Ubuntu-124.04.1)
OpenJDK 64-Bit Server VM (build 17.0.18+8-Ubuntu-124.04.1, mixed mode, sharing)

> Configure project :
Fabric Loom: 1.6.12
Not publishing sources jar as it was not found. Use java.withSourcesJar() to fix.

> Task :compileJava UP-TO-DATE
> Task :processResources UP-TO-DATE
> Task :classes UP-TO-DATE
> Task :compileTestJava UP-TO-DATE
> Task :processTestResources NO-SOURCE
> Task :testClasses UP-TO-DATE
> Task :test UP-TO-DATE

Deprecated Gradle features were used in this build, making it incompatible with Gradle 9.0.

You can use '--warning-mode all' to show the individual deprecation warnings and determine if they come from your own scripts or plugins.

For more on this, please refer to https://docs.gradle.org/8.10.2/userguide/command_line_interface.html#sec:command_line_warnings in the Gradle documentation.

BUILD SUCCESSFUL in 1s
4 actionable tasks: 4 up-to-date

=== [Task-26][9/10] Cross-layer closure proof ===
[closure] world_state publication -> server world_state_tests::uses_real_player_names_and_positions
[closure] tiandao startup entrypoint -> npm run start:mock with tick anchors
[closure] agent command/narration path -> tiandao runtime + redis-ipc + main-loop tests
[closure] server startup entrypoint -> timeout cargo run with bridge/world/player/redis anchors
[closure] server execution path -> command_executor_tests::applies_modify_zone + narration_tests::player_scope_matches_username_and_offline_id
[closure] client payload parsing -> BongNetworkHandlerTest + NarrationPayloadParserTest

=== [Task-26][10/10] Evidence manifest ===
[evidence] manifest written: /workspace/worktrees/server-law-engine-cross-layer/.sisyphus/evidence/task-26-smoke-manifest.txt
[evidence] files:
  - /workspace/worktrees/server-law-engine-cross-layer/.sisyphus/evidence/task-26-smoke.log
  - /workspace/worktrees/server-law-engine-cross-layer/.sisyphus/evidence/task-26-smoke-error.txt
  - /workspace/worktrees/server-law-engine-cross-layer/.sisyphus/evidence/task-26-smoke-success.txt
  - /workspace/worktrees/server-law-engine-cross-layer/.sisyphus/evidence/task-26-smoke-manifest.txt
  - /workspace/worktrees/server-law-engine-cross-layer/.sisyphus/evidence/task-26-server-start.log
  - /workspace/worktrees/server-law-engine-cross-layer/.sisyphus/evidence/task-26-tiandao-start.log
[Task-26] smoke harness PASS
===== [Task-26] run start: 2026-04-07T08:06:41Z =====

=== [Task-26][0/10] Worktree context ===
[context] root=/workspace/worktrees/server-law-engine-cross-layer

=== [Task-26][1/10] Redis environment (existing service, no Docker) ===
[redis] ping(redis://127.0.0.1:6399) => Could not connect to Redis at 127.0.0.1:6399: Connection refused
[evidence] manifest written: /workspace/worktrees/server-law-engine-cross-layer/.sisyphus/evidence/task-26-smoke-manifest.txt
[evidence] files:
  - /workspace/worktrees/server-law-engine-cross-layer/.sisyphus/evidence/task-26-smoke.log
  - /workspace/worktrees/server-law-engine-cross-layer/.sisyphus/evidence/task-26-smoke-error.txt
  - /workspace/worktrees/server-law-engine-cross-layer/.sisyphus/evidence/task-26-smoke-success.txt
  - /workspace/worktrees/server-law-engine-cross-layer/.sisyphus/evidence/task-26-smoke-manifest.txt
  - /workspace/worktrees/server-law-engine-cross-layer/.sisyphus/evidence/task-26-server-start.log
  - /workspace/worktrees/server-law-engine-cross-layer/.sisyphus/evidence/task-26-tiandao-start.log
[Task-26][FAIL][redis] cannot reach Redis at redis://127.0.0.1:6399; expected PONG
===== [Task-26] run start: 2026-04-07T08:06:59Z =====

=== [Task-26][0/10] Worktree context ===
[context] root=/workspace/worktrees/server-law-engine-cross-layer

=== [Task-26][1/10] Redis environment (existing service, no Docker) ===
[redis] ping(redis://127.0.0.1:6379) => PONG

=== [Task-26][2/10] Contract anchors ===
[contract] @bong/schema and bong:server_data anchors verified

=== [Task-26][3/10] Schema smoke (@bong/schema source-of-truth) ===
[run][schema] npm run build

> @bong/schema@0.1.0 build
> tsc

[run][schema] npm test -- tests/schema.test.ts

> @bong/schema@0.1.0 test
> vitest run tests/schema.test.ts


[1m[46m RUN [49m[22m [36mv3.2.4 [39m[90m/workspace/worktrees/server-law-engine-cross-layer/agent/packages/schema[39m

 [32mâś“[39m tests/schema.test.ts [2m([22m[2m35 tests[22m[2m)[22m[32m 10[2mms[22m[39m

[2m Test Files [22m [1m[32m1 passed[39m[22m[90m (1)[39m
[2m      Tests [22m [1m[32m35 passed[39m[22m[90m (35)[39m
[2m   Start at [22m 16:07:00
[2m   Duration [22m 362ms[2m (transform 76ms, setup 0ms, collect 133ms, tests 10ms, environment 0ms, prepare 79ms)[22m


=== [Task-26][4/10] Server entrypoint startup ===
[run][server-start] cargo build
    Finished `dev` profile [unoptimized + debuginfo] target(s) in 0.15s
[run][server-start] timeout 20s cargo run
[server-start] exit=124, log=/workspace/worktrees/server-law-engine-cross-layer/.sisyphus/evidence/task-26-server-start.log
[anchor][server-start] bridge runtime started
[anchor][server-start] world creation
[anchor][server-start] player systems registered
[anchor][server-start] redis bridge connection

=== [Task-26][5/10] Tiandao entrypoint startup ===
[run][tiandao-start] npm run build

> @bong/tiandao@0.1.0 build
> tsc

[run][tiandao-start] timeout 40s npm run start:mock
[tiandao-start] exit=0, log=/workspace/worktrees/server-law-engine-cross-layer/.sisyphus/evidence/task-26-tiandao-start.log
[anchor][tiandao-start] mock mode selected
[anchor][tiandao-start] tick start
[anchor][tiandao-start] tick end

=== [Task-26][6/10] Tiandao smoke tests (world_state -> command/narration path) ===
[run][tiandao] npm run test -- runtime redis-ipc main-loop

> @bong/tiandao@0.1.0 test
> tsc -p tsconfig.test.json --noEmit && vitest run runtime redis-ipc main-loop


[1m[46m RUN [49m[22m [36mv3.2.4 [39m[90m/workspace/worktrees/server-law-engine-cross-layer/agent/packages/tiandao[39m

[90mstdout[2m | tests/redis-ipc.test.ts[2m > [22m[2mredis-ipc[2m > [22m[2mdrains player chat via atomic LRANGE/LTRIM window
[22m[39m[redis-ipc] subscribed to bong:world_state

[90mstdout[2m | tests/redis-ipc.test.ts[2m > [22m[2mredis-ipc[2m > [22m[2mdoes not lose concurrent writes happening during drain transaction
[22m[39m[redis-ipc] subscribed to bong:world_state

[90mstdout[2m | tests/redis-ipc.test.ts[2m > [22m[2mredis-ipc[2m > [22m[2mupdates latest state from world_state channel
[22m[39m[redis-ipc] subscribed to bong:world_state

 [32mâś“[39m tests/redis-ipc.test.ts [2m([22m[2m3 tests[22m[2m)[22m[32m 7[2mms[22m[39m
 [32mâś“[39m tests/main-loop.test.ts [2m([22m[2m4 tests[22m[2m)[22m[32m 9[2mms[22m[39m
 [32mâś“[39m tests/runtime.test.ts [2m([22m[2m12 tests[22m[2m)[22m[32m 12[2mms[22m[39m

[2m Test Files [22m [1m[32m3 passed[39m[22m[90m (3)[39m
[2m      Tests [22m [1m[32m19 passed[39m[22m[90m (19)[39m
[2m   Start at [22m 16:07:24
[2m   Duration [22m 578ms[2m (transform 175ms, setup 0ms, collect 711ms, tests 28ms, environment 1ms, prepare 281ms)[22m


=== [Task-26][7/10] Server smoke tests (world_state + command executor + scoped narration) ===
[run][server] cargo test world_state_tests::uses_real_player_names_and_positions
    Finished `test` profile [unoptimized + debuginfo] target(s) in 0.15s
     Running unittests src/main.rs (target/debug/deps/bong_server-6c0041934713f9ac)

running 1 test
test network::tests::world_state_tests::uses_real_player_names_and_positions ... ok

test result: ok. 1 passed; 0 failed; 0 ignored; 0 measured; 67 filtered out; finished in 0.00s

[run][server] cargo test command_executor_tests::applies_modify_zone
    Finished `test` profile [unoptimized + debuginfo] target(s) in 0.15s
     Running unittests src/main.rs (target/debug/deps/bong_server-6c0041934713f9ac)

running 1 test
test network::command_executor::command_executor_tests::applies_modify_zone ... ok

test result: ok. 1 passed; 0 failed; 0 ignored; 0 measured; 67 filtered out; finished in 0.00s

[run][server] cargo test narration_tests::player_scope_matches_username_and_offline_id
    Finished `test` profile [unoptimized + debuginfo] target(s) in 0.14s
     Running unittests src/main.rs (target/debug/deps/bong_server-6c0041934713f9ac)

running 1 test
test network::tests::narration_tests::player_scope_matches_username_and_offline_id ... ok

test result: ok. 1 passed; 0 failed; 0 ignored; 0 measured; 67 filtered out; finished in 0.00s


=== [Task-26][8/10] Client smoke tests (typed payload parsing) ===
[run][client] ./gradlew test --tests *BongNetworkHandlerTest --tests *NarrationPayloadParserTest
openjdk version "17.0.18" 2026-01-20
OpenJDK Runtime Environment (build 17.0.18+8-Ubuntu-124.04.1)
OpenJDK 64-Bit Server VM (build 17.0.18+8-Ubuntu-124.04.1, mixed mode, sharing)

> Configure project :
Fabric Loom: 1.6.12
Not publishing sources jar as it was not found. Use java.withSourcesJar() to fix.

> Task :compileJava UP-TO-DATE
> Task :processResources UP-TO-DATE
> Task :classes UP-TO-DATE
> Task :compileTestJava UP-TO-DATE
> Task :processTestResources NO-SOURCE
> Task :testClasses UP-TO-DATE
> Task :test UP-TO-DATE

Deprecated Gradle features were used in this build, making it incompatible with Gradle 9.0.

You can use '--warning-mode all' to show the individual deprecation warnings and determine if they come from your own scripts or plugins.

For more on this, please refer to https://docs.gradle.org/8.10.2/userguide/command_line_interface.html#sec:command_line_warnings in the Gradle documentation.

BUILD SUCCESSFUL in 788ms
4 actionable tasks: 4 up-to-date

=== [Task-26][9/10] Cross-layer closure proof ===
[closure] world_state publication -> server world_state_tests::uses_real_player_names_and_positions
[closure] tiandao startup entrypoint -> npm run start:mock with tick anchors
[closure] agent command/narration path -> tiandao runtime + redis-ipc + main-loop tests
[closure] server startup entrypoint -> timeout cargo run with bridge/world/player/redis anchors
[closure] server execution path -> command_executor_tests::applies_modify_zone + narration_tests::player_scope_matches_username_and_offline_id
[closure] client payload parsing -> BongNetworkHandlerTest + NarrationPayloadParserTest

=== [Task-26][10/10] Evidence manifest ===
[evidence] manifest written: /workspace/worktrees/server-law-engine-cross-layer/.sisyphus/evidence/task-26-smoke-manifest.txt
[evidence] files:
  - /workspace/worktrees/server-law-engine-cross-layer/.sisyphus/evidence/task-26-smoke.log
  - /workspace/worktrees/server-law-engine-cross-layer/.sisyphus/evidence/task-26-smoke-error.txt
  - /workspace/worktrees/server-law-engine-cross-layer/.sisyphus/evidence/task-26-smoke-success.txt
  - /workspace/worktrees/server-law-engine-cross-layer/.sisyphus/evidence/task-26-smoke-manifest.txt
  - /workspace/worktrees/server-law-engine-cross-layer/.sisyphus/evidence/task-26-server-start.log
  - /workspace/worktrees/server-law-engine-cross-layer/.sisyphus/evidence/task-26-tiandao-start.log
[Task-26] smoke harness PASS
