
running 15 tests
test npc::brain::tests::chase_score_within_range ... ok
test npc::brain::tests::dash_score_zero_on_cooldown ... ok
test npc::brain::tests::dash_score_zero_outside_range ... ok
test npc::brain::tests::dash_score_positive_in_range_with_capability ... ok
test npc::brain::tests::dash_score_zero_without_capability ... ok
test npc::brain::tests::flee_target_computation_moves_away_from_player ... ok
test npc::brain::tests::flee_target_same_position_uses_fallback ... ok
test npc::brain::tests::npc_behavior_config_defaults_to_proximity_threshold ... ok
test npc::brain::tests::npc_behavior_config_applies_per_npc_override ... ok
test npc::brain::tests::canonical_npc_id_is_generation_aware ... ok
test npc::brain::tests::player_proximity_scorer_thresholds ... ok
test npc::brain::tests::bridge_less_no_player_behavior ... ok
test npc::brain::tests::flee_action_completes_above_sixteen_blocks ... ok
test npc::brain::tests::melee_attack_action_bridges_to_attack_intent_without_knockback_side_path ... ok
test npc::brain::tests::melee_attack_action_same_tick_does_not_emit_duplicate_attack_intents ... ok

test result: ok. 15 passed; 0 failed; 0 ignored; 0 measured; 240 filtered out; finished in 0.00s


running 9 tests
test combat::components::tests::stamina_normalized_clamps_values_and_exhausts_invalid_sprint ... ok
test combat::components::tests::lifecycle_character_id_supports_canonical_string_ids ... ok
test combat::raycast::tests::raycast_hits_when_box_is_in_front ... ok
test combat::raycast::tests::raycast_returns_none_for_no_intersection ... ok
test combat::raycast::tests::raycast_returns_none_when_hit_is_out_of_range ... ok
test combat::resolve::tests::resolve_debug_attack_applies_damage_contamination_throughput_and_death ... ok
test combat::resolve::tests::npc_entity_target_attack_intent_flows_through_shared_resolver ... ok
test combat::resolve::tests::player_to_npc_and_npc_to_player_share_same_resolver_path ... ok
test combat::resolve::tests::invalid_debug_attacks_have_no_side_effects ... ok

test result: ok. 9 passed; 0 failed; 0 ignored; 0 measured; 246 filtered out; finished in 0.00s

