    Blocking waiting for file lock on package cache
    Blocking waiting for file lock on package cache
    Blocking waiting for file lock on package cache
    Blocking waiting for file lock on package cache
    Blocking waiting for file lock on package cache
    Blocking waiting for file lock on package cache
    Blocking waiting for file lock on package cache
    Blocking waiting for file lock on package cache
    Blocking waiting for file lock on package cache
    Blocking waiting for file lock on package cache
    Blocking waiting for file lock on package cache
    Blocking waiting for file lock on shared package cache
    Blocking waiting for file lock on artifact directory
    Blocking waiting for file lock on artifact directory
   Compiling bong-server v0.1.0 (/workspace/worktrees/Bong-combat-no-ui-c1-c3/server)
    Finished `test` profile [unoptimized + debuginfo] target(s) in 2.90s
     Running unittests src/main.rs (target/debug/deps/bong_server-7acc5c9ba6ee5990)

running 1 test
test combat::resolve::tests::resolve_debug_attack_applies_damage_contamination_throughput_and_death ... ok

test result: ok. 1 passed; 0 failed; 0 ignored; 0 measured; 250 filtered out; finished in 0.00s

    Finished `test` profile [unoptimized + debuginfo] target(s) in 2.98s
     Running unittests src/main.rs (target/debug/deps/bong_server-7acc5c9ba6ee5990)

running 1 test
test player::gameplay::tests::combat_actions_bridge_to_attack_intent_without_mutating_player_state ... ok

test result: ok. 1 passed; 0 failed; 0 ignored; 0 measured; 250 filtered out; finished in 0.00s

    Finished `test` profile [unoptimized + debuginfo] target(s) in 2.97s
     Running unittests src/main.rs (target/debug/deps/bong_server-7acc5c9ba6ee5990)

running 1 test
test network::tests::gameplay_tests::combat_routes_debug_attack_through_resolver ... ok

test result: ok. 1 passed; 0 failed; 0 ignored; 0 measured; 250 filtered out; finished in 0.00s

