    Checking cfg-if v1.0.4
    Checking pin-project-lite v0.2.17
    Checking smallvec v1.15.1
    Checking futures-core v0.3.32
    Checking once_cell v1.21.4
    Checking slab v0.4.12
    Checking allocator-api2 v0.2.21
   Compiling equivalent v1.0.2
    Checking libc v0.2.184
    Checking serde_core v1.0.228
    Checking zerocopy v0.8.48
    Checking crossbeam-utils v0.8.21
    Checking thiserror v1.0.69
    Checking parking v2.2.1
    Checking scopeguard v1.2.0
   Compiling indexmap v2.13.1
    Checking foldhash v0.2.0
    Checking thread_local v1.1.9
   Compiling getrandom v0.4.2
    Checking typeid v1.0.3
    Checking web-time v1.1.0
    Checking lock_api v0.4.14
    Checking fastrand v2.4.0
    Checking futures-io v0.3.32
    Checking bytemuck v1.25.0
    Checking async-task v4.7.1
    Checking smol_str v0.2.2
    Checking tracing-core v0.1.36
    Checking downcast-rs v1.2.1
   Compiling uuid v1.23.0
    Checking bevy_ptr v0.14.2
    Checking bitflags v2.11.0
    Checking fixedbitset v0.4.2
    Checking futures-lite v2.6.1
    Checking zerofrom v0.1.7
    Checking itoa v1.0.18
    Checking fixedbitset v0.5.7
    Checking arrayvec v0.7.6
    Checking nonmax v0.5.5
    Checking hashbrown v0.16.1
    Checking stable_deref_trait v1.2.1
    Checking bytes v1.11.1
    Checking typenum v1.19.0
    Checking yoke v0.8.2
   Compiling anyhow v1.0.102
    Checking concurrent-queue v2.5.0
   Compiling zmij v1.0.21
    Checking zerovec v0.11.6
    Checking tracing v0.1.44
    Checking event-listener v5.4.1
    Checking litemap v0.8.2
   Compiling memchr v2.8.0
    Checking writeable v0.6.3
   Compiling valence_build_utils v0.2.0-alpha.1+mc.1.20.1 (https://github.com/valence-rs/valence?rev=2b705351#2b705351)
    Checking zerotrie v0.2.4
    Checking event-listener-strategy v0.5.4
   Compiling serde v1.0.228
    Checking utf8_iter v1.0.4
    Checking percent-encoding v2.3.2
   Compiling toml_edit v0.22.27
    Checking async-channel v2.5.0
    Checking icu_normalizer_data v2.2.0
    Checking icu_properties_data v2.2.0
    Checking form_urlencoded v1.2.2
    Checking cpufeatures v0.2.17
    Checking base64 v0.22.1
    Checking byteorder v1.5.0
    Checking adler2 v2.0.1
    Checking glam v0.29.3
    Checking simd-adler32 v0.3.9
    Checking async-executor v1.14.0
    Checking getrandom v0.2.17
    Checking getrandom v0.3.4
    Checking tinystr v0.8.3
    Checking generic-array v0.14.7
   Compiling serde_json v1.0.149
    Checking potential_utf v0.1.5
    Checking rand_core v0.6.4
    Checking parking_lot_core v0.9.12
    Checking cesu8 v1.1.0
    Checking icu_locale_core v2.2.0
    Checking icu_collections v2.2.0
    Checking bevy_tasks v0.14.2
    Checking miniz_oxide v0.8.9
    Checking crc32fast v1.5.0
    Checking parking_lot v0.12.5
    Checking derive_more v1.0.0
    Checking libm v0.2.16
    Checking rustc-hash v2.1.2
    Checking zeroize v1.8.2
    Checking errno v0.3.14
    Checking spin v0.9.8
    Checking socket2 v0.6.3
    Checking mio v1.2.0
    Checking futures-sink v0.3.32
    Checking subtle v2.6.1
    Checking signal-hook-registry v1.4.8
    Checking petgraph v0.6.5
    Checking const-oid v0.9.6
    Checking lazy_static v1.5.0
    Checking flate2 v1.1.9
    Checking crypto-common v0.1.7
    Checking inout v0.1.4
    Checking log v0.4.29
    Checking http v1.4.0
    Checking futures-task v0.3.32
    Checking regex-syntax v0.8.10
    Checking cipher v0.4.4
    Checking block-buffer v0.10.4
    Checking tokio v1.51.0
    Checking futures-util v0.3.32
    Checking rustls-pki-types v1.14.0
    Checking base64ct v1.8.3
    Checking untrusted v0.9.0
    Checking icu_provider v2.2.0
    Checking aes v0.8.4
    Checking cfb8 v0.8.1
    Checking ring v0.17.14
    Checking pem-rfc7468 v0.7.0
    Checking icu_properties v2.2.0
    Checking icu_normalizer v2.2.0
    Checking digest v0.10.7
    Checking erased-serde v0.4.10
   Compiling valence_generated v0.2.0-alpha.1+mc.1.20.1 (https://github.com/valence-rs/valence?rev=2b705351#2b705351)
   Compiling valence_entity v0.2.0-alpha.1+mc.1.20.1 (https://github.com/valence-rs/valence?rev=2b705351#2b705351)
    Checking num-traits v0.2.19
   Compiling bevy_macro_utils v0.14.2
    Checking http-body v1.0.1
    Checking regex-automata v0.4.14
    Checking valence_ident v0.2.0-alpha.1+mc.1.20.1 (https://github.com/valence-rs/valence?rev=2b705351#2b705351)
    Checking valence_nbt v0.8.0 (https://github.com/valence-rs/valence?rev=2b705351#2b705351)
    Checking tracing-log v0.2.0
    Checking sharded-slab v0.1.7
    Checking try-lock v0.2.5
    Checking tower-service v0.3.3
    Checking nu-ansi-term v0.50.3
    Checking want v0.3.1
    Checking der v0.7.10
    Checking num-integer v0.1.46
    Checking httparse v1.10.1
    Checking crossbeam-channel v0.5.15
    Checking idna_adapter v1.2.1
    Checking idna v1.1.0
    Checking rustls-webpki v0.103.10
    Checking futures-channel v0.3.32
    Checking atomic-waker v1.1.2
    Checking powerfmt v0.2.0
    Checking valence_text v0.2.0-alpha.1+mc.1.20.1 (https://github.com/valence-rs/valence?rev=2b705351#2b705351)
   Compiling time-core v0.1.8
    Checking accesskit v0.14.0
    Checking url v2.5.8
   Compiling num-conv v0.2.1
    Checking deranged v0.5.8
    Checking thiserror v2.0.18
    Checking num-bigint v0.4.6
   Compiling time-macros v0.2.27
    Checking rustls v0.23.37
    Checking sync_wrapper v1.0.2
    Checking tower-layer v0.3.3
    Checking ppv-lite86 v0.2.21
    Checking ahash v0.8.12
   Compiling bevy_reflect_derive v0.14.2
   Compiling bevy_ecs_macros v0.14.2
   Compiling bevy_derive v0.14.2
    Checking spki v0.7.3
    Checking raw-window-handle v0.6.2
    Checking hashbrown v0.14.5
    Checking ipnet v2.12.0
    Checking rand_chacha v0.3.1
    Checking ryu v1.0.23
    Checking matchers v0.2.0
    Checking const-fnv1a-hash v1.1.0
    Checking pkcs8 v0.10.2
    Checking rand v0.8.5
    Checking num-iter v0.1.45
   Compiling valence_lang v0.2.0-alpha.1+mc.1.20.1 (https://github.com/valence-rs/valence?rev=2b705351#2b705351)
    Checking webpki-roots v1.0.6
    Checking tracing-subscriber v0.3.23
    Checking nanorand v0.7.0
    Checking iri-string v0.7.12
    Checking tap v1.0.1
    Checking wyz v0.5.1
    Checking bevy_utils v0.14.2
    Checking flume v0.11.1
    Checking pkcs1 v0.7.5
    Checking radium v0.7.0
    Checking serde_urlencoded v0.7.1
    Checking http-body-util v0.1.3
    Checking time v0.3.47
    Checking signature v2.2.0
    Checking either v1.15.0
    Checking funty v2.0.0
    Checking ordered-float v4.6.0
    Checking sha1 v0.10.6
    Checking sha2 v0.10.9
    Checking glam v0.27.0
    Checking valence_math v0.2.0-alpha.1+mc.1.20.1 (https://github.com/valence-rs/valence?rev=2b705351#2b705351)
    Checking num-bigint-dig v0.8.6
    Checking hmac v0.12.1
    Checking lru v0.16.3
    Checking itertools v0.13.0
    Checking arc-swap v1.9.1
    Checking integer-sqrt v0.1.5
    Checking socket2 v0.5.10
    Checking sha1_smol v1.0.1
    Checking bitvec v1.0.1
    Checking pathfinding v4.15.0
    Checking rsa v0.9.10
    Checking hyper v1.9.0
    Checking tower v0.5.3
    Checking tokio-util v0.7.18
    Checking simple_asn1 v0.6.4
    Checking tower-http v0.6.8
    Checking rsa-der v0.3.0
    Checking hyper-util v0.1.20
    Checking combine v4.6.7
    Checking tokio-rustls v0.26.4
    Checking hyper-rustls v0.27.7
    Checking reqwest v0.12.28
    Checking bevy_reflect v0.14.2
    Checking redis v0.27.6
    Checking bevy_ecs v0.14.2
    Checking bevy_math v0.14.2
    Checking bevy_app v0.14.2
    Checking bevy_core v0.14.2
    Checking bevy_a11y v0.14.2
    Checking bevy_time v0.14.2
    Checking bevy_log v0.14.2
    Checking bevy_input v0.14.2
    Checking bevy_window v0.14.2
    Checking bevy_hierarchy v0.14.2
    Checking bevy_diagnostic v0.14.2
    Checking bevy_transform v0.14.2
    Checking bevy_internal v0.14.2
    Checking bevy v0.14.2
    Checking seldom_state v0.11.0
    Checking big-brain v0.21.1
    Checking valence_protocol v0.2.0-alpha.1+mc.1.20.1 (https://github.com/valence-rs/valence?rev=2b705351#2b705351)
    Checking valence_server_common v0.2.0-alpha.1+mc.1.20.1 (https://github.com/valence-rs/valence?rev=2b705351#2b705351)
    Checking valence_registry v0.2.0-alpha.1+mc.1.20.1 (https://github.com/valence-rs/valence?rev=2b705351#2b705351)
    Checking valence_server v0.2.0-alpha.1+mc.1.20.1 (https://github.com/valence-rs/valence?rev=2b705351#2b705351)
    Checking valence_inventory v0.2.0-alpha.1+mc.1.20.1 (https://github.com/valence-rs/valence?rev=2b705351#2b705351)
    Checking valence_world_border v0.2.0-alpha.1+mc.1.20.1 (https://github.com/valence-rs/valence?rev=2b705351#2b705351)
    Checking valence_player_list v0.2.0-alpha.1+mc.1.20.1 (https://github.com/valence-rs/valence?rev=2b705351#2b705351)
    Checking valence_network v0.2.0-alpha.1+mc.1.20.1 (https://github.com/valence-rs/valence?rev=2b705351#2b705351)
    Checking valence_command v0.2.0-alpha.1+mc.1.20.1 (https://github.com/valence-rs/valence?rev=2b705351#2b705351)
    Checking valence_advancement v0.2.0-alpha.1+mc.1.20.1 (https://github.com/valence-rs/valence?rev=2b705351#2b705351)
    Checking valence_boss_bar v0.2.0-alpha.1+mc.1.20.1 (https://github.com/valence-rs/valence?rev=2b705351#2b705351)
    Checking valence_weather v0.2.0-alpha.1+mc.1.20.1 (https://github.com/valence-rs/valence?rev=2b705351#2b705351)
    Checking valence_anvil v0.1.0 (https://github.com/valence-rs/valence?rev=2b705351#2b705351)
    Checking valence_scoreboard v0.2.0-alpha.1+mc.1.20.1 (https://github.com/valence-rs/valence?rev=2b705351#2b705351)
    Checking valence_equipment v0.2.0-alpha.1+mc.1.20.1 (https://github.com/valence-rs/valence?rev=2b705351#2b705351)
    Checking valence v0.2.0-alpha.1+mc.1.20.1 (https://github.com/valence-rs/valence?rev=2b705351#2b705351)
    Checking bong-server v0.1.0 (/workspace/worktrees/tiandao-fullstack-closure/server)
error: constant `MAX_EVENT_RESOLUTION_TICKS` is never used
 --> src/player/progression.rs:3:7
  |
3 | const MAX_EVENT_RESOLUTION_TICKS: u64 = 1_200;
  |       ^^^^^^^^^^^^^^^^^^^^^^^^^^
  |
  = note: `-D dead-code` implied by `-D warnings`
  = help: to override `-D warnings` add `#[expect(dead_code)]` or `#[allow(dead_code)]`

error: struct `ProgressionInput` is never constructed
 --> src/player/progression.rs:6:12
  |
6 | pub struct ProgressionInput {
  |            ^^^^^^^^^^^^^^^^

error: associated function `new` is never used
  --> src/player/progression.rs:13:18
   |
12 | impl ProgressionInput {
   | --------------------- associated function in this implementation
13 |     pub const fn new(experience_gain: i64, karma_delta: f64, spirit_qi_delta: f64) -> Self {
   |                  ^^^

error: struct `RealmRule` is never constructed
  --> src/player/progression.rs:23:8
   |
23 | struct RealmRule {
   |        ^^^^^^^^^

error: constant `REALM_LADDER` is never used
  --> src/player/progression.rs:30:7
   |
30 | const REALM_LADDER: [RealmRule; 15] = [
   |       ^^^^^^^^^^^^

error: function `synthetic_gain_input` is never used
   --> src/player/progression.rs:123:8
    |
123 | pub fn synthetic_gain_input(
    |        ^^^^^^^^^^^^^^^^^^^^

error: function `cultivation_tick_input` is never used
   --> src/player/progression.rs:131:8
    |
131 | pub fn cultivation_tick_input(zone_spirit_qi: f64) -> ProgressionInput {
    |        ^^^^^^^^^^^^^^^^^^^^^^

error: function `active_event_resolution_input` is never used
   --> src/player/progression.rs:140:8
    |
140 | pub fn active_event_resolution_input(
    |        ^^^^^^^^^^^^^^^^^^^^^^^^^^^^^

error: function `apply_progression` is never used
   --> src/player/progression.rs:170:8
    |
170 | pub fn apply_progression(state: &PlayerState, input: ProgressionInput) -> PlayerState {
    |        ^^^^^^^^^^^^^^^^^

error: function `apply_progression_in_place` is never used
   --> src/player/progression.rs:201:8
    |
201 | pub fn apply_progression_in_place(state: &mut PlayerState, input: ProgressionInput) {
    |        ^^^^^^^^^^^^^^^^^^^^^^^^^^

error: function `apply_experience_gain` is never used
   --> src/player/progression.rs:205:4
    |
205 | fn apply_experience_gain(experience: u64, gain: i64) -> u64 {
    |    ^^^^^^^^^^^^^^^^^^^^^

error: function `apply_karma_delta` is never used
   --> src/player/progression.rs:217:4
    |
217 | fn apply_karma_delta(current_karma: f64, karma_delta: f64) -> f64 {
    |    ^^^^^^^^^^^^^^^^^

error: function `apply_spirit_qi_delta` is never used
   --> src/player/progression.rs:225:4
    |
225 | fn apply_spirit_qi_delta(current_qi: f64, qi_delta: f64, qi_max: f64) -> f64 {
    |    ^^^^^^^^^^^^^^^^^^^^^

error: function `clamp_unit_finite` is never used
   --> src/player/progression.rs:233:4
    |
233 | fn clamp_unit_finite(value: f64) -> f64 {
    |    ^^^^^^^^^^^^^^^^^

error: function `resolve_realm_promotion` is never used
   --> src/player/progression.rs:241:4
    |
241 | fn resolve_realm_promotion(current_index: usize, experience: u64, karma: f64) -> usize {
    |    ^^^^^^^^^^^^^^^^^^^^^^^

error: function `realm_index` is never used
   --> src/player/progression.rs:256:4
    |
256 | fn realm_index(realm: &str) -> usize {
    |    ^^^^^^^^^^^

error: manual implementation of `.is_multiple_of()`
  --> src/network/mod.rs:99:8
   |
99 |     if timer.ticks % WORLD_STATE_PUBLISH_INTERVAL_TICKS != 0 {
   |        ^^^^^^^^^^^^^^^^^^^^^^^^^^^^^^^^^^^^^^^^^^^^^^^^^^^^^ help: replace with: `!timer.ticks.is_multiple_of(WORLD_STATE_PUBLISH_INTERVAL_TICKS)`
   |
   = help: for further information visit https://rust-lang.github.io/rust-clippy/rust-1.94.0/index.html#manual_is_multiple_of
   = note: `-D clippy::manual-is-multiple-of` implied by `-D warnings`
   = help: to override `-D warnings` add `#[allow(clippy::manual_is_multiple_of)]`

error: function `apply_progression_in_place` is never used
   --> src/player/progression.rs:201:8
    |
201 | pub fn apply_progression_in_place(state: &mut PlayerState, input: ProgressionInput) {
    |        ^^^^^^^^^^^^^^^^^^^^^^^^^^
    |
    = note: `-D dead-code` implied by `-D warnings`
    = help: to override `-D warnings` add `#[expect(dead_code)]` or `#[allow(dead_code)]`

error: could not compile `bong-server` (bin "bong-server") due to 17 previous errors
warning: build failed, waiting for other jobs to finish...
error: could not compile `bong-server` (bin "bong-server" test) due to 2 previous errors
